/*C1*/SET SCHEMA SYSTEM_LOBS
INSERT INTO BLOCKS VALUES(0,2147483647,0)
COMMIT
/*C2*/SET SCHEMA PUBLIC
CREATE TABLE IF NOT EXISTS AL_CONFIGURATION ( PROPERTY_NAME VARCHAR(255) NOT NULL UNIQUE , PROPERTY_VALUE LONGVARCHAR ) 
CREATE TABLE IF NOT EXISTS AL_GROUPS ( GROUP_NAME VARCHAR(255) NOT NULL PRIMARY KEY , DESCRIPTION LONGVARCHAR ) 
CREATE TABLE IF NOT EXISTS AL_TABLES ( TABLE_NAME VARCHAR(255) NOT NULL PRIMARY KEY , GROUP_NAME VARCHAR(255) , DESCRIPTION LONGVARCHAR ) 
CREATE TABLE IF NOT EXISTS AL_CUSTOM_TYPE ( TABLE_NAME VARCHAR(255) , COLUMN_NAME VARCHAR(255) , TYPE VARCHAR(255) , NAME VARCHAR(255) ) 
CREATE TABLE IF NOT EXISTS AL_VIEWS ( VIEW_NAME VARCHAR(255) NOT NULL UNIQUE , VIEW_DEFINITION LONGVARCHAR , IS_VALID BOOLEAN ) 
CREATE TABLE IF NOT EXISTS AL_SELECTED_LOG_OBJECTS ( NAME VARCHAR(255) NOT NULL UNIQUE , TYPE VARCHAR(255) ) 
CREATE TABLE IF NOT EXISTS AL_DB_OBJECTS ( NAME VARCHAR(255) NOT NULL UNIQUE , TYPE VARCHAR(255) , USAGE VARCHAR(255) ) 
INSERT INTO AL_CONFIGURATION VALUES('VERSION','7.2.0')
INSERT INTO AL_SELECTED_LOG_OBJECTS VALUES('agents_log','VIEW')
INSERT INTO AL_SELECTED_LOG_OBJECTS VALUES('library_blocks_log','VIEW')
INSERT INTO AL_SELECTED_LOG_OBJECTS VALUES('agent_parameters_log','VIEW')
INSERT INTO AL_SELECTED_LOG_OBJECTS VALUES('library_block_parameters_log','VIEW')
INSERT INTO AL_SELECTED_LOG_OBJECTS VALUES('agent_movement_log','VIEW')
INSERT INTO AL_SELECTED_LOG_OBJECTS VALUES('agent_movement_stats_log','VIEW')
INSERT INTO AL_SELECTED_LOG_OBJECTS VALUES('agent_messages_log','VIEW')
INSERT INTO AL_SELECTED_LOG_OBJECTS VALUES('events_log','VIEW')
INSERT INTO AL_SELECTED_LOG_OBJECTS VALUES('flowchart_entries_log','VIEW')
INSERT INTO AL_SELECTED_LOG_OBJECTS VALUES('flowchart_process_states_log','VIEW')
INSERT INTO AL_SELECTED_LOG_OBJECTS VALUES('flowchart_stats_time_in_state_log','VIEW')
INSERT INTO AL_SELECTED_LOG_OBJECTS VALUES('resource_unit_states_log','VIEW')
INSERT INTO AL_SELECTED_LOG_OBJECTS VALUES('resource_unit_task_stats_log','VIEW')
INSERT INTO AL_SELECTED_LOG_OBJECTS VALUES('resource_pool_task_stats_log','VIEW')
INSERT INTO AL_SELECTED_LOG_OBJECTS VALUES('resource_pool_utilization_log','VIEW')
INSERT INTO AL_SELECTED_LOG_OBJECTS VALUES('resource_unit_utilization_log','VIEW')
INSERT INTO AL_SELECTED_LOG_OBJECTS VALUES('fluid_units_log','VIEW')
INSERT INTO AL_SELECTED_LOG_OBJECTS VALUES('fluid_storages_log','VIEW')
INSERT INTO AL_SELECTED_LOG_OBJECTS VALUES('fluid_rates_log','VIEW')
INSERT INTO AL_SELECTED_LOG_OBJECTS VALUES('fluid_utilization_log','VIEW')
INSERT INTO AL_SELECTED_LOG_OBJECTS VALUES('statechart_transitions_log','VIEW')
INSERT INTO AL_SELECTED_LOG_OBJECTS VALUES('agent_statechart_states_log','VIEW')
INSERT INTO AL_SELECTED_LOG_OBJECTS VALUES('agent_statechart_stats_log','VIEW')
INSERT INTO AL_SELECTED_LOG_OBJECTS VALUES('agent_type_statechart_stats_log','VIEW')
INSERT INTO AL_SELECTED_LOG_OBJECTS VALUES('statistics_log','VIEW')
INSERT INTO AL_SELECTED_LOG_OBJECTS VALUES('datasets_log','VIEW')
INSERT INTO AL_SELECTED_LOG_OBJECTS VALUES('histograms_log','VIEW')
INSERT INTO AL_SELECTED_LOG_OBJECTS VALUES('trace_log','VIEW')
COMMIT
CREATE TABLE verblijfsobjecten_medel ( al_id INT IDENTITY , identifica DOUBLE NULL , rdf_seeals LONGVARCHAR NULL , oppervlakt INTEGER NULL , status LONGVARCHAR NULL , gebruiksdo LONGVARCHAR NULL , openbare_r LONGVARCHAR NULL , huisnummer INTEGER NULL , huisletter LONGVARCHAR NULL , toevoeging INTEGER NULL , postcode LONGVARCHAR NULL , woonplaats LONGVARCHAR NULL , bouwjaar INTEGER NULL , pandidenti DOUBLE NULL , pandstatus LONGVARCHAR NULL , fuuid LONGVARCHAR NULL , xcoord DOUBLE NULL , ycoord DOUBLE NULL ) 
INSERT INTO AL_TABLES VALUES('verblijfsobjecten_medel',NULL,'')
COMMIT
/*C3*/SET SCHEMA PUBLIC
INSERT INTO VERBLIJFSOBJECTEN_MEDEL VALUES(0,2.81010000028875E14,'http://bag.basisregistraties.overheid.nl/bag/id/verblijfsobject/0281010000028875',5246,'Verblijfsobject in gebruik','industriefunctie','Biezenwei',6,NULL,NULL,'4004MB','Tiel',2008,2.81100000000352E14,'Pand in gebruik','verblijfsobject.09b1e69a-94fc-40ca-a261-cb84db354004',160094.657E0,435538.147E0)
INSERT INTO VERBLIJFSOBJECTEN_MEDEL VALUES(1,2.81010000028877E14,'http://bag.basisregistraties.overheid.nl/bag/id/verblijfsobject/0281010000028877',1637,'Verblijfsobject in gebruik','bijeenkomstfunctie','Biezenwei',11,NULL,NULL,'4004MB','Tiel',2004,2.81100000000353E14,'Pand in gebruik','verblijfsobject.e2213186-472c-4891-ab27-e2f6f2768f8b',160237.08E0,435744.4E0)
INSERT INTO VERBLIJFSOBJECTEN_MEDEL VALUES(2,2.8101000003386E14,'http://bag.basisregistraties.overheid.nl/bag/id/verblijfsobject/0281010000033860',1962,'Verblijfsobject in gebruik','industriefunctie','De Prinsenhof',3,NULL,NULL,'4004LN','Tiel',2004,2.81100000025E14,'Pand in gebruik','verblijfsobject.d6d654dc-4c41-418f-b44b-eabd81091afa',159618.77E0,435830.017E0)
INSERT INTO VERBLIJFSOBJECTEN_MEDEL VALUES(3,2.81010000033862E14,'http://bag.basisregistraties.overheid.nl/bag/id/verblijfsobject/0281010000033862',1902,'Verblijfsobject in gebruik','winkelfunctie','De Prinsenhof',5,NULL,NULL,'4004LN','Tiel',2004,2.81100000025001E14,'Pand in gebruik','verblijfsobject.b0a48ae3-5d75-4773-9c63-508f75642972',159671.614E0,435853.96E0)
INSERT INTO VERBLIJFSOBJECTEN_MEDEL VALUES(4,2.81010000033867E14,'http://bag.basisregistraties.overheid.nl/bag/id/verblijfsobject/0281010000033867',1434,'Verblijfsobject in gebruik','industriefunctie','De Riemsdijk',8,NULL,NULL,'4004LC','Tiel',2003,2.81100000021214E14,'Pand in gebruik','verblijfsobject.91d2164b-56ec-467a-a887-c10ae0ba25ab',158854.0E0,436734.0E0)
INSERT INTO VERBLIJFSOBJECTEN_MEDEL VALUES(5,2.8101000003952E14,'http://bag.basisregistraties.overheid.nl/bag/id/verblijfsobject/0281010000039520',475,'Verblijfsobject in gebruik','woonfunctie','Grotebrugse Grintweg-Oost',9,NULL,NULL,'4004LA','Tiel',1800,2.81100000021215E14,'Pand in gebruik','verblijfsobject.194b5933-62a5-4681-8bca-212b3a929276',159016.539E0,436868.344E0)
INSERT INTO VERBLIJFSOBJECTEN_MEDEL VALUES(6,2.81010000041481E14,'http://bag.basisregistraties.overheid.nl/bag/id/verblijfsobject/0281010000041481',18184,'Verblijfsobject in gebruik','winkelfunctie','Het Eek',1,NULL,NULL,'4004LM','Tiel',2004,2.81100000000072E14,'Pand in gebruik','verblijfsobject.ee799e40-afb1-46ee-b478-5420a14bf9af',159154.319E0,436548.479E0)
INSERT INTO VERBLIJFSOBJECTEN_MEDEL VALUES(7,2.81010000041483E14,'http://bag.basisregistraties.overheid.nl/bag/id/verblijfsobject/0281010000041483',18754,'Verbouwing verblijfsobject','industriefunctie,kantoorfunctie','Het Eek',9,NULL,NULL,'4004LM','Tiel',2005,2.81100000000328E14,'Verbouwing pand','verblijfsobject.ad019739-6605-4376-aa88-03b3d97d4cd4',159397.472E0,435959.432E0)
INSERT INTO VERBLIJFSOBJECTEN_MEDEL VALUES(8,2.81010000041485E14,'http://bag.basisregistraties.overheid.nl/bag/id/verblijfsobject/0281010000041485',538,'Verbouwing verblijfsobject','industriefunctie','Het Eek',9,'a',NULL,'4004LM','Tiel',2005,2.81100000000328E14,'Verbouwing pand','verblijfsobject.067fd442-6803-4723-869e-7cc2e54a494f',159385.744E0,435946.653E0)
INSERT INTO VERBLIJFSOBJECTEN_MEDEL VALUES(9,2.81010000041487E14,'http://bag.basisregistraties.overheid.nl/bag/id/verblijfsobject/0281010000041487',237,'Verbouwing verblijfsobject','kantoorfunctie','Het Eek',9,'b',NULL,'4004LM','Tiel',2005,2.81100000000328E14,'Verbouwing pand','verblijfsobject.8e42dc04-a60d-48bd-ac1b-c5096d1450bc',159388.635E0,435950.831E0)
INSERT INTO VERBLIJFSOBJECTEN_MEDEL VALUES(10,2.81010000041489E14,'http://bag.basisregistraties.overheid.nl/bag/id/verblijfsobject/0281010000041489',4727,'Verblijfsobject in gebruik','industriefunctie','Het Eek',11,NULL,NULL,'4004LM','Tiel',2005,2.81100000000069E14,'Pand in gebruik','verblijfsobject.b813e3e8-e4e2-4a76-83cb-9f34262d19fd',159405.661E0,435883.784E0)
INSERT INTO VERBLIJFSOBJECTEN_MEDEL VALUES(11,2.81010000048179E14,'http://bag.basisregistraties.overheid.nl/bag/id/verblijfsobject/0281010000048179',4655,'Verblijfsobject in gebruik','industriefunctie','Lingewei',1,NULL,NULL,'4004LK','Tiel',2005,2.81100000025005E14,'Pand in gebruik','verblijfsobject.6ea068c2-558e-4ea0-b286-d59f3c5fd849',159196.654E0,436761.2719999999E0)
INSERT INTO VERBLIJFSOBJECTEN_MEDEL VALUES(12,2.81010000048181E14,'http://bag.basisregistraties.overheid.nl/bag/id/verblijfsobject/0281010000048181',1003,'Verblijfsobject in gebruik','kantoorfunctie','Lingewei',7,NULL,NULL,'4004LK','Tiel',2007,2.81100000025007E14,'Pand in gebruik','verblijfsobject.65e84d7e-50bb-4df2-87d3-dfe52901d24b',159292.553E0,436794.505E0)
INSERT INTO VERBLIJFSOBJECTEN_MEDEL VALUES(13,2.81010000048183E14,'http://bag.basisregistraties.overheid.nl/bag/id/verblijfsobject/0281010000048183',1708,'Verblijfsobject in gebruik','kantoorfunctie','Lingewei',9,NULL,NULL,'4004LK','Tiel',2007,2.81100000025007E14,'Pand in gebruik','verblijfsobject.57a2c333-fdcc-406d-af79-be01e85e1bba',159294.301E0,436789.931E0)
INSERT INTO VERBLIJFSOBJECTEN_MEDEL VALUES(14,2.81010000048185E14,'http://bag.basisregistraties.overheid.nl/bag/id/verblijfsobject/0281010000048185',173,'Verblijfsobject in gebruik','industriefunctie','Lingewei',11,NULL,NULL,'4004LK','Tiel',2004,2.81100000025009E14,'Pand in gebruik','verblijfsobject.49316f6c-ba9c-4d20-98e2-3ff961e0a620',159323.077E0,436843.876E0)
INSERT INTO VERBLIJFSOBJECTEN_MEDEL VALUES(15,2.81010000048187E14,'http://bag.basisregistraties.overheid.nl/bag/id/verblijfsobject/0281010000048187',120,'Verblijfsobject in gebruik','industriefunctie','Lingewei',13,NULL,NULL,'4004LK','Tiel',2004,2.81100000025009E14,'Pand in gebruik','verblijfsobject.df46ad7a-16f7-4b7b-8745-48bb9ac23183',159321.598E0,436840.782E0)
INSERT INTO VERBLIJFSOBJECTEN_MEDEL VALUES(16,2.81010000048189E14,'http://bag.basisregistraties.overheid.nl/bag/id/verblijfsobject/0281010000048189',120,'Verblijfsobject in gebruik','industriefunctie','Lingewei',15,NULL,NULL,'4004LK','Tiel',2004,2.81100000025009E14,'Pand in gebruik','verblijfsobject.5d1b41d0-aa28-4fc4-b41f-768c14f0ce5d',159321.463E0,436837.419E0)
INSERT INTO VERBLIJFSOBJECTEN_MEDEL VALUES(17,2.81010000048191E14,'http://bag.basisregistraties.overheid.nl/bag/id/verblijfsobject/0281010000048191',120,'Verblijfsobject in gebruik','industriefunctie','Lingewei',17,NULL,NULL,'4004LK','Tiel',2004,2.81100000025009E14,'Pand in gebruik','verblijfsobject.72377793-3013-4c93-9971-b6c45f2f385d',159322.539E0,436834.19E0)
INSERT INTO VERBLIJFSOBJECTEN_MEDEL VALUES(18,2.81010000048193E14,'http://bag.basisregistraties.overheid.nl/bag/id/verblijfsobject/0281010000048193',120,'Verblijfsobject in gebruik','industriefunctie','Lingewei',19,NULL,NULL,'4004LK','Tiel',2004,2.81100000025009E14,'Pand in gebruik','verblijfsobject.13f8e6a3-0091-4918-b09c-268423ccd916',159324.421E0,436831.096E0)
INSERT INTO VERBLIJFSOBJECTEN_MEDEL VALUES(19,2.81010000048195E14,'http://bag.basisregistraties.overheid.nl/bag/id/verblijfsobject/0281010000048195',80,'Verblijfsobject in gebruik','industriefunctie','Lingewei',21,NULL,NULL,'4004LK','Tiel',2004,2.81100000025009E14,'Pand in gebruik','verblijfsobject.faf4202a-094a-4c96-8ba5-309e5debdc21',159326.573E0,436827.733E0)
INSERT INTO VERBLIJFSOBJECTEN_MEDEL VALUES(20,2.81010000048197E14,'http://bag.basisregistraties.overheid.nl/bag/id/verblijfsobject/0281010000048197',164,'Verblijfsobject in gebruik','industriefunctie','Lingewei',23,NULL,NULL,'4004LK','Tiel',2004,2.81100000025009E14,'Pand in gebruik','verblijfsobject.a03ab39a-afdb-49bb-b24b-1b0cff83f05a',159328.455E0,436823.966E0)
INSERT INTO VERBLIJFSOBJECTEN_MEDEL VALUES(21,2.81010000048199E14,'http://bag.basisregistraties.overheid.nl/bag/id/verblijfsobject/0281010000048199',164,'Verblijfsobject in gebruik','industriefunctie','Lingewei',25,NULL,NULL,'4004LK','Tiel',2004,2.81100000025009E14,'Pand in gebruik','verblijfsobject.92624e17-6fd3-4ad6-8f39-a859e1c00ad5',159329.531E0,436820.603E0)
INSERT INTO VERBLIJFSOBJECTEN_MEDEL VALUES(22,2.81010000048201E14,'http://bag.basisregistraties.overheid.nl/bag/id/verblijfsobject/0281010000048201',120,'Verblijfsobject in gebruik','industriefunctie','Lingewei',27,NULL,NULL,'4004LK','Tiel',2004,2.81100000025009E14,'Pand in gebruik','verblijfsobject.f6f4058e-719a-4d12-8d4e-4adb544602a4',159330.472E0,436817.105E0)
INSERT INTO VERBLIJFSOBJECTEN_MEDEL VALUES(23,2.81010000048203E14,'http://bag.basisregistraties.overheid.nl/bag/id/verblijfsobject/0281010000048203',120,'Verblijfsobject in gebruik','industriefunctie','Lingewei',29,NULL,NULL,'4004LK','Tiel',2004,2.81100000025009E14,'Pand in gebruik','verblijfsobject.5f98a233-7bfc-4810-a578-a0940ee0018d',159331.683E0,436813.608E0)
INSERT INTO VERBLIJFSOBJECTEN_MEDEL VALUES(24,2.81010000048205E14,'http://bag.basisregistraties.overheid.nl/bag/id/verblijfsobject/0281010000048205',120,'Verblijfsobject in gebruik','industriefunctie','Lingewei',31,NULL,NULL,'4004LK','Tiel',2004,2.81100000025009E14,'Pand in gebruik','verblijfsobject.89a91022-0ae0-4400-9b7e-83f76fae1cae',159334.237E0,436810.5140000001E0)
INSERT INTO VERBLIJFSOBJECTEN_MEDEL VALUES(25,2.81010000048207E14,'http://bag.basisregistraties.overheid.nl/bag/id/verblijfsobject/0281010000048207',120,'Verblijfsobject in gebruik','industriefunctie','Lingewei',33,NULL,NULL,'4004LK','Tiel',2004,2.81100000025009E14,'Pand in gebruik','verblijfsobject.d3c93046-022f-4395-a069-2ef216273b6b',159336.254E0,436807.0160000001E0)
INSERT INTO VERBLIJFSOBJECTEN_MEDEL VALUES(26,2.81010000048209E14,'http://bag.basisregistraties.overheid.nl/bag/id/verblijfsobject/0281010000048209',120,'Verblijfsobject in gebruik','industriefunctie','Lingewei',35,NULL,NULL,'4004LK','Tiel',2004,2.81100000025009E14,'Pand in gebruik','verblijfsobject.4e41807a-fd67-4041-84bd-804b87c595a3',159339.078E0,436803.518E0)
INSERT INTO VERBLIJFSOBJECTEN_MEDEL VALUES(27,2.81010000048211E14,'http://bag.basisregistraties.overheid.nl/bag/id/verblijfsobject/0281010000048211',173,'Verblijfsobject in gebruik','industriefunctie','Lingewei',37,NULL,NULL,'4004LK','Tiel',2004,2.81100000025009E14,'Pand in gebruik','verblijfsobject.c428b6b8-4fdf-4ea9-9da6-8362c3b0c3bf',159341.768E0,436800.559E0)
INSERT INTO VERBLIJFSOBJECTEN_MEDEL VALUES(28,2.81010000048213E14,'http://bag.basisregistraties.overheid.nl/bag/id/verblijfsobject/0281010000048213',127,'Verblijfsobject in gebruik','industriefunctie','Lingewei',39,NULL,NULL,'4004LK','Tiel',2006,2.81100000025008E14,'Pand in gebruik','verblijfsobject.3f6bb698-a620-4794-87a0-1d7c67dccd23',159365.668E0,436810.499E0)
INSERT INTO VERBLIJFSOBJECTEN_MEDEL VALUES(29,2.81010000048215E14,'http://bag.basisregistraties.overheid.nl/bag/id/verblijfsobject/0281010000048215',127,'Verblijfsobject in gebruik','industriefunctie','Lingewei',41,NULL,NULL,'4004LK','Tiel',2006,2.81100000025008E14,'Pand in gebruik','verblijfsobject.de267739-9ea3-491c-9431-581aed654d96',159362.547E0,436816.899E0)
INSERT INTO VERBLIJFSOBJECTEN_MEDEL VALUES(30,2.81010000048217E14,'http://bag.basisregistraties.overheid.nl/bag/id/verblijfsobject/0281010000048217',127,'Verblijfsobject in gebruik','industriefunctie','Lingewei',43,NULL,NULL,'4004LK','Tiel',2006,2.81100000025008E14,'Pand in gebruik','verblijfsobject.10d28600-d075-48b3-b1eb-9a7dbeb3d75b',159360.55E0,436823.611E0)
INSERT INTO VERBLIJFSOBJECTEN_MEDEL VALUES(31,2.81010000048219E14,'http://bag.basisregistraties.overheid.nl/bag/id/verblijfsobject/0281010000048219',127,'Verblijfsobject in gebruik','industriefunctie','Lingewei',45,NULL,NULL,'4004LK','Tiel',2006,2.81100000025008E14,'Pand in gebruik','verblijfsobject.435658bc-56a7-41b9-afa1-b523e9ead853',159357.242E0,436830.01E0)
INSERT INTO VERBLIJFSOBJECTEN_MEDEL VALUES(32,2.81010000048221E14,'http://bag.basisregistraties.overheid.nl/bag/id/verblijfsobject/0281010000048221',127,'Verblijfsobject in gebruik','industriefunctie','Lingewei',47,NULL,NULL,'4004LK','Tiel',2006,2.81100000025008E14,'Pand in gebruik','verblijfsobject.317255d2-0bb7-4364-8ab7-7e1e1dfaa30d',159354.121E0,436836.9099999999E0)
INSERT INTO VERBLIJFSOBJECTEN_MEDEL VALUES(33,2.81010000048223E14,'http://bag.basisregistraties.overheid.nl/bag/id/verblijfsobject/0281010000048223',46,'Verblijfsobject in gebruik','industriefunctie','Lingewei',49,NULL,NULL,'4004LK','Tiel',2006,2.81100000025008E14,'Pand in gebruik','verblijfsobject.b695d4c5-6f75-4423-b67e-17fc13533358',159351.895E0,436841.9870000001E0)
INSERT INTO VERBLIJFSOBJECTEN_MEDEL VALUES(34,2.81010000048225E14,'http://bag.basisregistraties.overheid.nl/bag/id/verblijfsobject/0281010000048225',46,'Verblijfsobject in gebruik','industriefunctie','Lingewei',51,NULL,NULL,'4004LK','Tiel',2006,2.81100000025008E14,'Pand in gebruik','verblijfsobject.2c64263c-021e-4587-927c-f30a7587af76',159349.867E0,436846.128E0)
INSERT INTO VERBLIJFSOBJECTEN_MEDEL VALUES(35,2.81010000048227E14,'http://bag.basisregistraties.overheid.nl/bag/id/verblijfsobject/0281010000048227',46,'Verblijfsobject in gebruik','industriefunctie','Lingewei',53,NULL,NULL,'4004LK','Tiel',2006,2.81100000025008E14,'Pand in gebruik','verblijfsobject.9d649089-fa65-49ba-adc7-2bfd667750f4',159348.036E0,436851.83E0)
INSERT INTO VERBLIJFSOBJECTEN_MEDEL VALUES(36,2.81010000048229E14,'http://bag.basisregistraties.overheid.nl/bag/id/verblijfsobject/0281010000048229',146,'Verblijfsobject in gebruik','industriefunctie','Lingewei',55,NULL,NULL,'4004LK','Tiel',2006,2.81100000025008E14,'Pand in gebruik','verblijfsobject.49efa4db-f6c9-4948-9772-c264e5345f71',159345.227E0,436858.105E0)
INSERT INTO VERBLIJFSOBJECTEN_MEDEL VALUES(37,2.81010000048231E14,'http://bag.basisregistraties.overheid.nl/bag/id/verblijfsobject/0281010000048231',191,'Verblijfsobject in gebruik','industriefunctie','Lingewei',57,NULL,NULL,'4004LK','Tiel',2006,2.81100000025008E14,'Pand in gebruik','verblijfsobject.a7215170-7446-4cc3-ad44-f7c44090a5cf',159354.894E0,436862.812E0)
INSERT INTO VERBLIJFSOBJECTEN_MEDEL VALUES(38,2.81010000048233E14,'http://bag.basisregistraties.overheid.nl/bag/id/verblijfsobject/0281010000048233',46,'Verblijfsobject in gebruik','industriefunctie','Lingewei',61,NULL,NULL,'4004LK','Tiel',2006,2.81100000025008E14,'Pand in gebruik','verblijfsobject.f1c48c91-98bf-4480-a270-95807a7e49cd',159359.491E0,436850.653E0)
INSERT INTO VERBLIJFSOBJECTEN_MEDEL VALUES(39,2.81010000048235E14,'http://bag.basisregistraties.overheid.nl/bag/id/verblijfsobject/0281010000048235',46,'Verblijfsobject in gebruik','industriefunctie','Lingewei',63,NULL,NULL,'4004LK','Tiel',2006,2.81100000025008E14,'Pand in gebruik','verblijfsobject.1e15ff88-9dda-460e-a755-439651874b3e',159361.636E0,436845.851E0)
INSERT INTO VERBLIJFSOBJECTEN_MEDEL VALUES(40,2.81010000048237E14,'http://bag.basisregistraties.overheid.nl/bag/id/verblijfsobject/0281010000048237',127,'Verblijfsobject in gebruik','industriefunctie','Lingewei',65,NULL,NULL,'4004LK','Tiel',2006,2.81100000025008E14,'Pand in gebruik','verblijfsobject.cf5b0c76-0a9a-42a5-99d2-b878a1396b08',159363.985E0,436840.742E0)
INSERT INTO VERBLIJFSOBJECTEN_MEDEL VALUES(41,2.81010000048239E14,'http://bag.basisregistraties.overheid.nl/bag/id/verblijfsobject/0281010000048239',127,'Verblijfsobject in gebruik','industriefunctie','Lingewei',67,NULL,NULL,'4004LK','Tiel',2006,2.81100000025008E14,'Pand in gebruik','verblijfsobject.c60ea8a1-d5f6-4404-bbf9-35ffc86970dc',159366.232E0,436834.714E0)
INSERT INTO VERBLIJFSOBJECTEN_MEDEL VALUES(42,2.81010000048241E14,'http://bag.basisregistraties.overheid.nl/bag/id/verblijfsobject/0281010000048241',127,'Verblijfsobject in gebruik','industriefunctie','Lingewei',69,NULL,NULL,'4004LK','Tiel',2006,2.81100000025008E14,'Pand in gebruik','verblijfsobject.a5c6fb3d-f959-4710-b555-33cdeb53dce5',159368.99E0,436828.277E0)
INSERT INTO VERBLIJFSOBJECTEN_MEDEL VALUES(43,2.81010000048243E14,'http://bag.basisregistraties.overheid.nl/bag/id/verblijfsobject/0281010000048243',127,'Verblijfsobject in gebruik','industriefunctie','Lingewei',71,NULL,NULL,'4004LK','Tiel',2006,2.81100000025008E14,'Pand in gebruik','verblijfsobject.9c5c59f0-07e9-42ec-984b-881a55d37b25',159371.748E0,436821.737E0)
INSERT INTO VERBLIJFSOBJECTEN_MEDEL VALUES(44,2.81010000048245E14,'http://bag.basisregistraties.overheid.nl/bag/id/verblijfsobject/0281010000048245',127,'Verblijfsobject in gebruik','industriefunctie','Lingewei',73,NULL,NULL,'4004LK','Tiel',2006,2.81100000025008E14,'Pand in gebruik','verblijfsobject.e4e29f2f-fdaf-4ae7-a098-c4e1d1863721',159374.71E0,436815.3E0)
INSERT INTO VERBLIJFSOBJECTEN_MEDEL VALUES(45,2.81010000048247E14,'http://bag.basisregistraties.overheid.nl/bag/id/verblijfsobject/0281010000048247',13409,'Verblijfsobject in gebruik (niet ingemeten)','industriefunctie','Lingewei',2,NULL,NULL,'4004LL','Tiel',2002,2.81100000025006E14,'Pand in gebruik (niet ingemeten)','verblijfsobject.5bfd665f-8d4c-4b30-9848-b0715aec52e9',159412.178E0,436736.673E0)
INSERT INTO VERBLIJFSOBJECTEN_MEDEL VALUES(46,2.81010000048249E14,'http://bag.basisregistraties.overheid.nl/bag/id/verblijfsobject/0281010000048249',18779,'Verblijfsobject in gebruik','industriefunctie','Lingewei',6,NULL,NULL,'4004LL','Tiel',2006,2.81100000000343E14,'Pand in gebruik','verblijfsobject.24fc55f2-db6b-4c30-a73f-b6a01eae1f33',159814.315E0,436765.658E0)
INSERT INTO VERBLIJFSOBJECTEN_MEDEL VALUES(47,2.81010000048251E14,'http://bag.basisregistraties.overheid.nl/bag/id/verblijfsobject/0281010000048251',432,'Verblijfsobject in gebruik','industriefunctie','Lingewei',83,NULL,NULL,'4004LH','Tiel',2005,2.81100000025011E14,'Pand in gebruik','verblijfsobject.90a5af69-9322-43e5-8eb4-e689cf9bb05d',159393.0E0,436860.9999999999E0)
INSERT INTO VERBLIJFSOBJECTEN_MEDEL VALUES(48,2.81010000048253E14,'http://bag.basisregistraties.overheid.nl/bag/id/verblijfsobject/0281010000048253',195,'Verblijfsobject in gebruik','industriefunctie','Lingewei',77,NULL,NULL,'4004LH','Tiel',2005,2.81100000025011E14,'Pand in gebruik','verblijfsobject.180f9ab9-bd9d-4dda-9975-8df86ca1cd9e',159398.0E0,436852.9999999999E0)
INSERT INTO VERBLIJFSOBJECTEN_MEDEL VALUES(49,2.81010000048255E14,'http://bag.basisregistraties.overheid.nl/bag/id/verblijfsobject/0281010000048255',163,'Verblijfsobject in gebruik','industriefunctie','Lingewei',81,NULL,NULL,'4004LH','Tiel',2005,2.81100000025011E14,'Pand in gebruik','verblijfsobject.de83f8d2-0064-46bb-a3c6-5eeff5f171b8',159401.0E0,436844.0E0)
INSERT INTO VERBLIJFSOBJECTEN_MEDEL VALUES(50,2.81010000048257E14,'http://bag.basisregistraties.overheid.nl/bag/id/verblijfsobject/0281010000048257',207,'Verblijfsobject in gebruik','industriefunctie','Lingewei',75,NULL,NULL,'4004LH','Tiel',2005,2.81100000025011E14,'Pand in gebruik','verblijfsobject.8ea0b5ea-f08e-4d6f-9262-78a4daaec200',159402.0E0,436826.0E0)
INSERT INTO VERBLIJFSOBJECTEN_MEDEL VALUES(51,2.81010000048259E14,'http://bag.basisregistraties.overheid.nl/bag/id/verblijfsobject/0281010000048259',131,'Verblijfsobject in gebruik','industriefunctie','Lingewei',79,NULL,NULL,'4004LH','Tiel',2005,2.81100000025011E14,'Pand in gebruik','verblijfsobject.53d9e532-c22f-4d75-97c4-bb1e51a47979',159402.0E0,436826.0E0)
INSERT INTO VERBLIJFSOBJECTEN_MEDEL VALUES(52,2.8101000004928E14,'http://bag.basisregistraties.overheid.nl/bag/id/verblijfsobject/0281010000049280',505,'Verblijfsobject in gebruik','kantoorfunctie','Medelsestraat-Oost',22,NULL,NULL,'4004LG','Tiel',1970,2.81100000024998E14,'Pand in gebruik','verblijfsobject.eeb7652b-5ec9-43ab-b6ef-f89d0f7252cb',159730.8E0,435663.08E0)
INSERT INTO VERBLIJFSOBJECTEN_MEDEL VALUES(53,2.81010000049286E14,'http://bag.basisregistraties.overheid.nl/bag/id/verblijfsobject/0281010000049286',991,'Verblijfsobject in gebruik','kantoorfunctie','Medelsestraat-Oost',13,NULL,NULL,'4004LE','Tiel',1878,2.81100000024997E14,'Pand in gebruik','verblijfsobject.7fb6934a-b82e-48ba-9a33-7ee6a3ee4ac0',160032.0E0,435691.0000000001E0)
INSERT INTO VERBLIJFSOBJECTEN_MEDEL VALUES(54,2.81010000049289E14,'http://bag.basisregistraties.overheid.nl/bag/id/verblijfsobject/0281010000049289',31743,'Verblijfsobject in gebruik','industriefunctie,kantoorfunctie','Meelsewei',3,NULL,NULL,'4004LR','Tiel',2004,2.81100000000071E14,'Pand in gebruik','verblijfsobject.54056e2c-0760-4f0a-a0a0-19e7a5a5286d',159539.455E0,436023.983E0)
INSERT INTO VERBLIJFSOBJECTEN_MEDEL VALUES(55,2.8101000006547E14,'http://bag.basisregistraties.overheid.nl/bag/id/verblijfsobject/0281010000065470',880,'Verblijfsobject in gebruik','industriefunctie,kantoorfunctie','Hoekwei',8,NULL,NULL,'4004LX','Tiel',2008,2.81100000024992E14,'Pand in gebruik','verblijfsobject.4bc9ea7b-a68d-4227-9a80-067837b48584',159617.772E0,435481.058E0)
INSERT INTO VERBLIJFSOBJECTEN_MEDEL VALUES(56,2.81010000065471E14,'http://bag.basisregistraties.overheid.nl/bag/id/verblijfsobject/0281010000065471',880,'Verblijfsobject in gebruik','industriefunctie,kantoorfunctie','Hoekwei',10,NULL,NULL,'4004LX','Tiel',2008,2.81100000024992E14,'Pand in gebruik','verblijfsobject.cb758e1e-db6b-4151-a6f0-5aab87126065',159635.03E0,435487.133E0)
INSERT INTO VERBLIJFSOBJECTEN_MEDEL VALUES(57,2.81010000065559E14,'http://bag.basisregistraties.overheid.nl/bag/id/verblijfsobject/0281010000065559',5330,'Verblijfsobject in gebruik','industriefunctie','De Geer',10,NULL,NULL,'4004LT','Tiel',2008,2.81100000025003E14,'Pand in gebruik','verblijfsobject.9db489e3-cc6e-42b8-acad-cf26d44f4ea8',159650.962E0,436263.024E0)
INSERT INTO VERBLIJFSOBJECTEN_MEDEL VALUES(58,2.8101000006556E14,'http://bag.basisregistraties.overheid.nl/bag/id/verblijfsobject/0281010000065560',2410,'Verblijfsobject in gebruik','industriefunctie','Hoekwei',32,NULL,NULL,'4004LX','Tiel',2008,2.81100000023727E14,'Pand in gebruik','verblijfsobject.45f1f5d7-b6c1-4610-b189-a6bd32aa3067',159786.442E0,435282.067E0)
INSERT INTO VERBLIJFSOBJECTEN_MEDEL VALUES(59,2.8101000006618E14,'http://bag.basisregistraties.overheid.nl/bag/id/verblijfsobject/0281010000066180',49819,'Verbouwing verblijfsobject','industriefunctie,kantoorfunctie','Lingewei',8,NULL,NULL,'4004LL','Tiel',2009,2.81100000066193E14,'Verbouwing pand','verblijfsobject.ca528899-f933-41ec-91f1-f3c93fcfa62c',159941.61E0,436819.507E0)
INSERT INTO VERBLIJFSOBJECTEN_MEDEL VALUES(60,2.81010000066495E14,'http://bag.basisregistraties.overheid.nl/bag/id/verblijfsobject/0281010000066495',889,'Verblijfsobject in gebruik','industriefunctie,kantoorfunctie','Lingewei',109,NULL,NULL,'4004LH','Tiel',2011,2.81100000066527E14,'Pand in gebruik','verblijfsobject.055f1985-1441-4190-be34-09e2ce2c4f06',159893.323E0,436890.27E0)
INSERT INTO VERBLIJFSOBJECTEN_MEDEL VALUES(61,2.81010000066496E14,'http://bag.basisregistraties.overheid.nl/bag/id/verblijfsobject/0281010000066496',821,'Verblijfsobject in gebruik','industriefunctie,kantoorfunctie','Lingewei',111,NULL,NULL,'4004LH','Tiel',2011,2.81100000066527E14,'Pand in gebruik','verblijfsobject.7977710d-d7f8-4377-89f5-4f1d3be0bbd7',159913.493E0,436894.233E0)
INSERT INTO VERBLIJFSOBJECTEN_MEDEL VALUES(62,2.81010000066514E14,'http://bag.basisregistraties.overheid.nl/bag/id/verblijfsobject/0281010000066514',38328,'Verblijfsobject in gebruik','industriefunctie,kantoorfunctie','De Passen',1,NULL,NULL,'4004LV','Tiel',2010,2.81100000065802E14,'Pand in gebruik','verblijfsobject.4f08d9e9-478c-4cb4-a144-332e12df4468',159695.81E0,436541.649E0)
INSERT INTO VERBLIJFSOBJECTEN_MEDEL VALUES(63,2.81010000066515E14,'http://bag.basisregistraties.overheid.nl/bag/id/verblijfsobject/0281010000066515',2600,'Verblijfsobject in gebruik','industriefunctie,kantoorfunctie','Biezenwei',2,NULL,NULL,'4004MB','Tiel',2007,2.81100000002095E14,'Pand in gebruik','verblijfsobject.20960471-795b-4186-81b5-6e516a5057f2',160082.916E0,435357.489E0)
INSERT INTO VERBLIJFSOBJECTEN_MEDEL VALUES(64,2.81010000066516E14,'http://bag.basisregistraties.overheid.nl/bag/id/verblijfsobject/0281010000066516',7169,'Verblijfsobject in gebruik','industriefunctie,kantoorfunctie','Biezenwei',3,NULL,NULL,'4004MB','Tiel',2012,2.81100000066544E14,'Pand in gebruik','verblijfsobject.f60e7a26-f553-40ef-a41f-2b070832dab8',160019.971E0,435490.612E0)
INSERT INTO VERBLIJFSOBJECTEN_MEDEL VALUES(65,2.81010000066517E14,'http://bag.basisregistraties.overheid.nl/bag/id/verblijfsobject/0281010000066517',150,'Verblijfsobject in gebruik','overige gebruiksfunctie','Hoekwei',3,NULL,NULL,'4004LX','Tiel',2006,2.81100000000068E14,'Pand in gebruik','verblijfsobject.dff48790-c13b-4150-a796-7be467c10707',159706.515E0,435597.819E0)
INSERT INTO VERBLIJFSOBJECTEN_MEDEL VALUES(66,2.81010000066519E14,'http://bag.basisregistraties.overheid.nl/bag/id/verblijfsobject/0281010000066519',35800,'Verbouwing verblijfsobject','industriefunctie,kantoorfunctie','De Geer',8,NULL,NULL,'4004LT','Tiel',2006,2.8110000000205E14,'Verbouwing pand','verblijfsobject.5b49b07c-5a74-465e-a43b-38addfc0a666',159588.848E0,436351.214E0)
INSERT INTO VERBLIJFSOBJECTEN_MEDEL VALUES(67,2.81010000066521E14,'http://bag.basisregistraties.overheid.nl/bag/id/verblijfsobject/0281010000066521',910,'Verblijfsobject in gebruik','industriefunctie,kantoorfunctie','Hoekwei',6,NULL,NULL,'4004LX','Tiel',2008,2.81100000024992E14,'Pand in gebruik','verblijfsobject.2908b1a1-84de-4944-82b3-a010a17e02ec',159656.762E0,435496.404E0)
INSERT INTO VERBLIJFSOBJECTEN_MEDEL VALUES(68,2.81010000066522E14,'http://bag.basisregistraties.overheid.nl/bag/id/verblijfsobject/0281010000066522',475,'Verblijfsobject in gebruik','industriefunctie,kantoorfunctie','Hoekwei',12,NULL,NULL,'4004LX','Tiel',2008,2.81100000024992E14,'Pand in gebruik','verblijfsobject.ee3c462e-6cfb-4d8e-bbf4-2c8fd3dc0835',159666.669E0,435458.36E0)
INSERT INTO VERBLIJFSOBJECTEN_MEDEL VALUES(69,2.81010000066523E14,'http://bag.basisregistraties.overheid.nl/bag/id/verblijfsobject/0281010000066523',475,'Verblijfsobject in gebruik','industriefunctie,kantoorfunctie','Hoekwei',14,NULL,NULL,'4004LX','Tiel',2008,2.81100000024992E14,'Pand in gebruik','verblijfsobject.49f9c632-da27-4dab-9f98-f5e987a8f78d',159648.133E0,435445.572E0)
INSERT INTO VERBLIJFSOBJECTEN_MEDEL VALUES(70,2.81010000066524E14,'http://bag.basisregistraties.overheid.nl/bag/id/verblijfsobject/0281010000066524',475,'Verblijfsobject in gebruik','industriefunctie,kantoorfunctie','Hoekwei',16,NULL,NULL,'4004LX','Tiel',2008,2.81100000024992E14,'Pand in gebruik','verblijfsobject.1e93f65c-02cc-4a5d-86b2-0bf9318ce489',159662.514E0,435477.861E0)
INSERT INTO VERBLIJFSOBJECTEN_MEDEL VALUES(71,2.81010000066525E14,'http://bag.basisregistraties.overheid.nl/bag/id/verblijfsobject/0281010000066525',9080,'Verblijfsobject in gebruik','industriefunctie,kantoorfunctie','Hoekwei',18,NULL,NULL,'4004LX','Tiel',2008,2.81100000024992E14,'Pand in gebruik','verblijfsobject.7e7bbd0f-8aa2-44ba-b0f6-426af7719e5c',159641.741E0,435465.393E0)
INSERT INTO VERBLIJFSOBJECTEN_MEDEL VALUES(72,2.81010000066526E14,'http://bag.basisregistraties.overheid.nl/bag/id/verblijfsobject/0281010000066526',9220,'Verblijfsobject in gebruik','industriefunctie,kantoorfunctie','Hoekwei',20,NULL,NULL,'4004LX','Tiel',2008,2.81100000024992E14,'Pand in gebruik','verblijfsobject.dc3e2f3b-6915-400e-ae52-f65357479d1f',159656.123E0,435412.644E0)
INSERT INTO VERBLIJFSOBJECTEN_MEDEL VALUES(73,2.81010000066527E14,'http://bag.basisregistraties.overheid.nl/bag/id/verblijfsobject/0281010000066527',7590,'Verblijfsobject in gebruik','industriefunctie,kantoorfunctie','Hoekwei',22,NULL,NULL,'4004LX','Tiel',2008,2.81100000024992E14,'Pand in gebruik','verblijfsobject.54f700cb-6deb-45b3-933d-92b492898b89',159686.164E0,435335.278E0)
INSERT INTO VERBLIJFSOBJECTEN_MEDEL VALUES(74,2.81010000066528E14,'http://bag.basisregistraties.overheid.nl/bag/id/verblijfsobject/0281010000066528',8880,'Verblijfsobject in gebruik','industriefunctie,kantoorfunctie','Hoekwei',24,NULL,NULL,'4004LX','Tiel',2008,2.81100000024992E14,'Pand in gebruik','verblijfsobject.462480f1-5fde-4ae9-b12e-55aae05895f3',159775.968E0,435539.882E0)
INSERT INTO VERBLIJFSOBJECTEN_MEDEL VALUES(75,2.81010000066529E14,'http://bag.basisregistraties.overheid.nl/bag/id/verblijfsobject/0281010000066529',9120,'Verblijfsobject in gebruik','industriefunctie,kantoorfunctie','Hoekwei',26,NULL,NULL,'4004LX','Tiel',2008,2.81100000024992E14,'Pand in gebruik','verblijfsobject.a7ff0077-b231-4fb5-8491-dff6d08f717a',159796.422E0,435476.263E0)
INSERT INTO VERBLIJFSOBJECTEN_MEDEL VALUES(76,2.8101000006653E14,'http://bag.basisregistraties.overheid.nl/bag/id/verblijfsobject/0281010000066530',7590,'Verblijfsobject in gebruik','industriefunctie,kantoorfunctie','Hoekwei',28,NULL,NULL,'4004LX','Tiel',2008,2.81100000024992E14,'Pand in gebruik','verblijfsobject.530ab9c9-2c25-4101-ad3c-9a87667081b5',159827.102E0,435401.774E0)
INSERT INTO VERBLIJFSOBJECTEN_MEDEL VALUES(77,2.81010000066533E14,'http://bag.basisregistraties.overheid.nl/bag/id/verblijfsobject/0281010000066533',6798,'Verblijfsobject in gebruik','industriefunctie,kantoorfunctie','De Geer',12,NULL,NULL,'4004LT','Tiel',2011,2.81100000066552E14,'Pand in gebruik','verblijfsobject.8bac67af-866d-4d0a-ba88-fb445cf27d12',159716.649E0,436110.732E0)
INSERT INTO VERBLIJFSOBJECTEN_MEDEL VALUES(78,2.81010000066534E14,'http://bag.basisregistraties.overheid.nl/bag/id/verblijfsobject/0281010000066534',3177,'Verblijfsobject in gebruik','industriefunctie,kantoorfunctie','Meelsewei',2,NULL,NULL,'4004LR','Tiel',2010,2.81100000066553E14,'Pand in gebruik','verblijfsobject.69f529a9-1563-497e-bf3f-3ce4e02c467d',159465.108E0,435936.098E0)
INSERT INTO VERBLIJFSOBJECTEN_MEDEL VALUES(79,2.81010000066541E14,'http://bag.basisregistraties.overheid.nl/bag/id/verblijfsobject/0281010000066541',323,'Verblijfsobject in gebruik','industriefunctie,kantoorfunctie','Meelsewei',4,NULL,NULL,'4004LR','Tiel',2011,2.81100000066557E14,'Pand in gebruik','verblijfsobject.7590040c-6be2-477c-8175-03662ed48c1a',159509.864E0,435958.091E0)
INSERT INTO VERBLIJFSOBJECTEN_MEDEL VALUES(80,2.81010000066715E14,'http://bag.basisregistraties.overheid.nl/bag/id/verblijfsobject/0281010000066715',5320,'Verblijfsobject in gebruik','industriefunctie,kantoorfunctie','De Geer',2,NULL,NULL,'4004LT','Tiel',2013,2.81100000066642E14,'Pand in gebruik','verblijfsobject.9f9260dd-99f2-4fda-a164-8aa30400a39c',159526.761E0,436777.328E0)
INSERT INTO VERBLIJFSOBJECTEN_MEDEL VALUES(81,2.81010000066723E14,'http://bag.basisregistraties.overheid.nl/bag/id/verblijfsobject/0281010000066723',46,'Verblijfsobject in gebruik','industriefunctie,kantoorfunctie','Lingewei',59,NULL,NULL,'4004LK','Tiel',2006,2.81100000025008E14,'Pand in gebruik','verblijfsobject.dea5bf38-94c3-4f6b-aede-95eadb0e1e67',159357.959E0,436856.171E0)
INSERT INTO VERBLIJFSOBJECTEN_MEDEL VALUES(82,2.81010000066724E14,'http://bag.basisregistraties.overheid.nl/bag/id/verblijfsobject/0281010000066724',870,'Verblijfsobject in gebruik','industriefunctie,kantoorfunctie','Lingewei',85,NULL,NULL,'4004LH','Tiel',2009,2.81100000066644E14,'Pand in gebruik','verblijfsobject.a66bbf9f-9096-41e9-a4be-3be7a457f9e8',159444.032E0,436843.438E0)
INSERT INTO VERBLIJFSOBJECTEN_MEDEL VALUES(83,2.81010000066725E14,'http://bag.basisregistraties.overheid.nl/bag/id/verblijfsobject/0281010000066725',196,'Verblijfsobject in gebruik','industriefunctie,kantoorfunctie','Lingewei',87,NULL,NULL,'4004LH','Tiel',2009,2.81100000066644E14,'Pand in gebruik','verblijfsobject.d00bc155-9382-4d41-a4df-5a6bd803edf8',159425.666E0,436863.287E0)
INSERT INTO VERBLIJFSOBJECTEN_MEDEL VALUES(84,2.81010000066726E14,'http://bag.basisregistraties.overheid.nl/bag/id/verblijfsobject/0281010000066726',196,'Verblijfsobject in gebruik','industriefunctie,kantoorfunctie','Lingewei',89,NULL,NULL,'4004LH','Tiel',2009,2.81100000066644E14,'Pand in gebruik','verblijfsobject.70ccafda-3f9a-4625-970a-3ff2a2e20949',159421.566E0,436872.309E0)
INSERT INTO VERBLIJFSOBJECTEN_MEDEL VALUES(85,2.81010000066727E14,'http://bag.basisregistraties.overheid.nl/bag/id/verblijfsobject/0281010000066727',200,'Verblijfsobject in gebruik','industriefunctie,kantoorfunctie','Lingewei',91,NULL,NULL,'4004LH','Tiel',2009,2.81100000066644E14,'Pand in gebruik','verblijfsobject.1501a531-eb55-4490-b552-3bdb768459bf',159416.811E0,436882.971E0)
INSERT INTO VERBLIJFSOBJECTEN_MEDEL VALUES(86,2.81010000066728E14,'http://bag.basisregistraties.overheid.nl/bag/id/verblijfsobject/0281010000066728',150,'Verblijfsobject in gebruik','industriefunctie,kantoorfunctie','Lingewei',93,NULL,NULL,'4004LH','Tiel',2009,2.81100000066644E14,'Pand in gebruik','verblijfsobject.2e4bd483-1916-479b-b982-e74f4b87bdbd',159429.929E0,436888.384E0)
INSERT INTO VERBLIJFSOBJECTEN_MEDEL VALUES(87,2.81010000066729E14,'http://bag.basisregistraties.overheid.nl/bag/id/verblijfsobject/0281010000066729',196,'Verblijfsobject in gebruik','industriefunctie,kantoorfunctie','Lingewei',95,NULL,NULL,'4004LH','Tiel',2009,2.81100000066644E14,'Pand in gebruik','verblijfsobject.06db907e-e015-4eb4-a8e6-8218e3de9349',159434.193E0,436878.706E0)
INSERT INTO VERBLIJFSOBJECTEN_MEDEL VALUES(88,2.8101000006673E14,'http://bag.basisregistraties.overheid.nl/bag/id/verblijfsobject/0281010000066730',196,'Verblijfsobject in gebruik','industriefunctie,kantoorfunctie','Lingewei',97,NULL,NULL,'4004LH','Tiel',2009,2.81100000066644E14,'Pand in gebruik','verblijfsobject.2458e26f-744f-4b61-9fc9-9de65fb45e27',159438.62E0,436868.7E0)
INSERT INTO VERBLIJFSOBJECTEN_MEDEL VALUES(89,2.81010000066731E14,'http://bag.basisregistraties.overheid.nl/bag/id/verblijfsobject/0281010000066731',2062,'Verblijfsobject in gebruik','industriefunctie,kantoorfunctie','Lingewei',107,NULL,NULL,'4004LH','Tiel',2009,2.81100000066645E14,'Pand in gebruik','verblijfsobject.909d87db-bc1b-456c-ac5d-66969ba56b98',159850.212E0,436879.854E0)
INSERT INTO VERBLIJFSOBJECTEN_MEDEL VALUES(90,2.81010000066732E14,'http://bag.basisregistraties.overheid.nl/bag/id/verblijfsobject/0281010000066732',278,'Verblijfsobject in gebruik','industriefunctie','De Geer',4,NULL,NULL,'4004LT','Tiel',2008,2.81100000000329E14,'Pand in gebruik','verblijfsobject.bf4e71de-594b-49a4-9e86-97aa3b3ff923',159532.926E0,436575.932E0)
INSERT INTO VERBLIJFSOBJECTEN_MEDEL VALUES(91,2.81010000066733E14,'http://bag.basisregistraties.overheid.nl/bag/id/verblijfsobject/0281010000066733',11545,'Verblijfsobject in gebruik','industriefunctie,kantoorfunctie','Het Eek',5,NULL,NULL,'4004LM','Tiel',2007,2.8110000000007E14,'Pand in gebruik','verblijfsobject.3c229807-e81e-444c-adee-b599d28046e5',159195.477E0,436305.885E0)
INSERT INTO VERBLIJFSOBJECTEN_MEDEL VALUES(92,2.81010000066734E14,'http://bag.basisregistraties.overheid.nl/bag/id/verblijfsobject/0281010000066734',9588,'Verblijfsobject in gebruik','industriefunctie,kantoorfunctie','Oudewei',4,NULL,NULL,'4004LS','Tiel',2005,2.81100000025004E14,'Pand in gebruik','verblijfsobject.5261adc7-4e22-4e0d-8b31-e370988f2306',159334.753E0,436390.904E0)
INSERT INTO VERBLIJFSOBJECTEN_MEDEL VALUES(93,2.81010000066735E14,'http://bag.basisregistraties.overheid.nl/bag/id/verblijfsobject/0281010000066735',6541,'Verblijfsobject in gebruik','industriefunctie,kantoorfunctie','Het Eek',13,NULL,NULL,'4004LM','Tiel',2008,2.81100000002041E14,'Pand in gebruik','verblijfsobject.08f138ef-1561-457d-afa0-0cb0b3a68d91',159494.058E0,435823.143E0)
INSERT INTO VERBLIJFSOBJECTEN_MEDEL VALUES(94,2.81010000066736E14,'http://bag.basisregistraties.overheid.nl/bag/id/verblijfsobject/0281010000066736',1704,'Verblijfsobject in gebruik','industriefunctie,kantoorfunctie','Het Eek',15,NULL,NULL,'4004LM','Tiel',2008,2.81100000002041E14,'Pand in gebruik','verblijfsobject.3a635468-1a5e-4e66-8586-b331fa42fdb2',159498.813E0,435784.439E0)
INSERT INTO VERBLIJFSOBJECTEN_MEDEL VALUES(95,2.81010000066737E14,'http://bag.basisregistraties.overheid.nl/bag/id/verblijfsobject/0281010000066737',185,'Verblijfsobject in gebruik','industriefunctie,kantoorfunctie','De Prinsenhof',1,NULL,2,'4004LN','Tiel',2008,2.81100000002041E14,'Pand in gebruik','verblijfsobject.b59bf4b9-4b79-4ceb-b7e2-4093591b4d78',159527.51E0,435796.2420000001E0)
INSERT INTO VERBLIJFSOBJECTEN_MEDEL VALUES(96,2.81010000066738E14,'http://bag.basisregistraties.overheid.nl/bag/id/verblijfsobject/0281010000066738',185,'Verblijfsobject in gebruik','industriefunctie,kantoorfunctie','De Prinsenhof',1,NULL,5,'4004LN','Tiel',2008,2.81100000002041E14,'Pand in gebruik','verblijfsobject.bc269b93-7533-4f07-aa5b-44bd25a7992f',159555.387E0,435808.216E0)
INSERT INTO VERBLIJFSOBJECTEN_MEDEL VALUES(97,2.8101000006674E14,'http://bag.basisregistraties.overheid.nl/bag/id/verblijfsobject/0281010000066740',185,'Verblijfsobject in gebruik','industriefunctie,kantoorfunctie','De Prinsenhof',1,NULL,6,'4004LN','Tiel',2008,2.81100000002041E14,'Pand in gebruik','verblijfsobject.31a3fc2a-7f69-4bdb-9411-ea10224ca0f8',159565.225E0,435812.645E0)
INSERT INTO VERBLIJFSOBJECTEN_MEDEL VALUES(98,2.81010000066741E14,'http://bag.basisregistraties.overheid.nl/bag/id/verblijfsobject/0281010000066741',185,'Verblijfsobject in gebruik','industriefunctie,kantoorfunctie','De Prinsenhof',1,NULL,7,'4004LN','Tiel',2008,2.81100000002041E14,'Pand in gebruik','verblijfsobject.8c2681b5-8f7d-4a41-b9b0-162a43f8b28c',159574.08E0,435816.418E0)
INSERT INTO VERBLIJFSOBJECTEN_MEDEL VALUES(99,2.81010000066764E14,'http://bag.basisregistraties.overheid.nl/bag/id/verblijfsobject/0281010000066764',44372,'Verblijfsobject in gebruik','industriefunctie,kantoorfunctie','Het Eek',3,NULL,NULL,'4004LM','Tiel',2008,2.81100000000329E14,'Pand in gebruik','verblijfsobject.e5a2dfb1-fea3-4757-a290-68e560608309',159158.846E0,436415.784E0)
INSERT INTO VERBLIJFSOBJECTEN_MEDEL VALUES(100,2.81010000066794E14,'http://bag.basisregistraties.overheid.nl/bag/id/verblijfsobject/0281010000066794',5446,'Verblijfsobject in gebruik','industriefunctie,kantoorfunctie','Biezenwei',25,NULL,NULL,'4004MB','Tiel',2013,2.81100000066685E14,'Pand in gebruik','verblijfsobject.a9a8377d-7bab-4cf2-9f5b-78d22fbcc3c3',160037.136E0,435310.482E0)
INSERT INTO VERBLIJFSOBJECTEN_MEDEL VALUES(101,2.81010000067046E14,'http://bag.basisregistraties.overheid.nl/bag/id/verblijfsobject/0281010000067046',1488,'Verblijfsobject in gebruik','industriefunctie,kantoorfunctie','Lingewei',101,NULL,NULL,'4004LH','Tiel',2012,2.81100000066755E14,'Pand in gebruik','verblijfsobject.3a965aa3-915a-421a-8e7c-2ae02346c048',159650.652E0,436847.942E0)
INSERT INTO VERBLIJFSOBJECTEN_MEDEL VALUES(102,2.81010000067158E14,'http://bag.basisregistraties.overheid.nl/bag/id/verblijfsobject/0281010000067158',37,'Verblijfsobject in gebruik','kantoorfunctie','De Riemsdijk',10,NULL,NULL,'4004LC','Tiel',2004,2.81100000001821E14,'Pand in gebruik','verblijfsobject.769a1afb-96aa-48c7-a101-6e1d969a2214',158824.861E0,436712.492E0)
INSERT INTO VERBLIJFSOBJECTEN_MEDEL VALUES(103,2.81010000067187E14,'http://bag.basisregistraties.overheid.nl/bag/id/verblijfsobject/0281010000067187',3235,'Verblijfsobject in gebruik','industriefunctie','De Riemsdijk',4,NULL,NULL,'4004LC','Tiel',2000,2.8110000000029E14,'Pand in gebruik','verblijfsobject.f9985c35-8ccb-4918-8322-9cf9cf0b4915',158980.087E0,436716.693E0)
INSERT INTO VERBLIJFSOBJECTEN_MEDEL VALUES(104,2.81010000067188E14,'http://bag.basisregistraties.overheid.nl/bag/id/verblijfsobject/0281010000067188',19866,'Verblijfsobject in gebruik','industriefunctie','De Riemsdijk',1,NULL,NULL,'4004LC','Tiel',2003,2.81100000001811E14,'Pand in gebruik','verblijfsobject.a8bc5b7d-b20b-4c68-9b31-ddc253a9d731',158999.829E0,436645.484E0)
INSERT INTO VERBLIJFSOBJECTEN_MEDEL VALUES(105,2.81010000067189E14,'http://bag.basisregistraties.overheid.nl/bag/id/verblijfsobject/0281010000067189',1474,'Verblijfsobject in gebruik','kantoorfunctie','De Riemsdijk',3,NULL,NULL,'4004LC','Tiel',2003,2.81100000001811E14,'Pand in gebruik','verblijfsobject.a750e48a-9b04-4c92-868b-ac4ea8a2f49a',158927.644E0,436616.6E0)
INSERT INTO VERBLIJFSOBJECTEN_MEDEL VALUES(106,2.8101000006719E14,'http://bag.basisregistraties.overheid.nl/bag/id/verblijfsobject/0281010000067190',1085,'Verblijfsobject in gebruik','kantoorfunctie','De Riemsdijk',5,NULL,NULL,'4004LC','Tiel',2003,2.81100000001811E14,'Pand in gebruik','verblijfsobject.424b20fa-efbb-49ac-b68b-66422ee0cef4',158865.972E0,436633.898E0)
INSERT INTO VERBLIJFSOBJECTEN_MEDEL VALUES(107,2.81010000067193E14,'http://bag.basisregistraties.overheid.nl/bag/id/verblijfsobject/0281010000067193',920,'Verblijfsobject in gebruik','industriefunctie','Medelsestraat-Oost',4,NULL,NULL,'4004LG','Tiel',2014,2.81100000066836E14,'Pand in gebruik','verblijfsobject.efbb3d6c-7b2c-4fbc-b7d2-deb9b0de38bb',160032.905E0,435826.379E0)
INSERT INTO VERBLIJFSOBJECTEN_MEDEL VALUES(108,2.81010000067262E14,'http://bag.basisregistraties.overheid.nl/bag/id/verblijfsobject/0281010000067262',18,'Verblijfsobject in gebruik','overige gebruiksfunctie','Krommewei',2,NULL,NULL,'4004LZ','Tiel',2010,2.81100000066624E14,'Pand in gebruik','verblijfsobject.8f59de64-5c24-4219-bfe5-16a669fcb2b2',159561.825E0,435682.31E0)
INSERT INTO VERBLIJFSOBJECTEN_MEDEL VALUES(109,2.81010000067263E14,'http://bag.basisregistraties.overheid.nl/bag/id/verblijfsobject/0281010000067263',427,'Verblijfsobject in gebruik','winkelfunctie','De Prinsenhof',2,NULL,NULL,'4004LN','Tiel',2009,2.81100000066837E14,'Pand in gebruik','verblijfsobject.ad77c815-8f75-4233-b7c8-29329f9dbc46',159498.125E0,435702.808E0)
INSERT INTO VERBLIJFSOBJECTEN_MEDEL VALUES(110,2.81010000067264E14,'http://bag.basisregistraties.overheid.nl/bag/id/verblijfsobject/0281010000067264',2302,'Verblijfsobject in gebruik','industriefunctie,kantoorfunctie','De Prinsenhof',4,NULL,NULL,'4004LN','Tiel',2009,2.81100000066838E14,'Pand in gebruik','verblijfsobject.99da7141-e019-496f-ba5b-343fc748330b',159503.631E0,435655.314E0)
INSERT INTO VERBLIJFSOBJECTEN_MEDEL VALUES(111,2.8101000006749E14,'http://bag.basisregistraties.overheid.nl/bag/id/verblijfsobject/0281010000067490',185,'Verblijfsobject in gebruik','industriefunctie,kantoorfunctie','De Prinsenhof',1,NULL,3,'4004LN','Tiel',2008,2.81100000002041E14,'Pand in gebruik','verblijfsobject.7647a787-1f22-494c-ac58-72fde9a339b5',159536.445E0,435803.109E0)
INSERT INTO VERBLIJFSOBJECTEN_MEDEL VALUES(112,2.81010000067491E14,'http://bag.basisregistraties.overheid.nl/bag/id/verblijfsobject/0281010000067491',185,'Verblijfsobject in gebruik','industriefunctie,kantoorfunctie','De Prinsenhof',1,NULL,4,'4004LN','Tiel',2008,2.81100000002041E14,'Pand in gebruik','verblijfsobject.ba7d2fb4-8b43-49a4-a03a-d4726d442d78',159545.806E0,435806.971E0)
INSERT INTO VERBLIJFSOBJECTEN_MEDEL VALUES(113,2.81010000067493E14,'http://bag.basisregistraties.overheid.nl/bag/id/verblijfsobject/0281010000067493',14,'Verblijfsobject in gebruik','overige gebruiksfunctie','Grotewei',1,NULL,NULL,NULL,'Tiel',2013,2.81100000066963E14,'Pand in gebruik','verblijfsobject.40d4c2e4-b3d9-495f-86ab-3df8bdf4ea38',158773.658E0,436531.937E0)
INSERT INTO VERBLIJFSOBJECTEN_MEDEL VALUES(114,2.81010000067541E14,'http://bag.basisregistraties.overheid.nl/bag/id/verblijfsobject/0281010000067541',16710,'Verblijfsobject in gebruik','industriefunctie,kantoorfunctie','Biezenwei',16,NULL,NULL,'4004MB','Tiel',2014,2.81100000065804E14,'Pand in gebruik','verblijfsobject.eb3414af-4ab9-4c65-b661-3f8b241f0bc4',160215.446E0,435390.168E0)
INSERT INTO VERBLIJFSOBJECTEN_MEDEL VALUES(115,2.81010000067614E14,'http://bag.basisregistraties.overheid.nl/bag/id/verblijfsobject/0281010000067614',1165,'Verblijfsobject in gebruik','bijeenkomstfunctie','Medelsestraat-Oost',20,NULL,NULL,'4004LG','Tiel',2015,2.81100000066992E14,'Pand in gebruik','verblijfsobject.0ab34340-4881-49bb-842b-a6c40bc315d2',159749.441E0,435765.173E0)
INSERT INTO VERBLIJFSOBJECTEN_MEDEL VALUES(116,2.81010000067643E14,'http://bag.basisregistraties.overheid.nl/bag/id/verblijfsobject/0281010000067643',72388,'Verblijfsobject in gebruik','industriefunctie,kantoorfunctie','De Diepert',5,NULL,NULL,'4004MA','Tiel',2015,2.81100000067019E14,'Pand in gebruik','verblijfsobject.58a5fe25-21c7-45cb-83f2-ab66789c2995',160709.53E0,435584.92E0)
INSERT INTO VERBLIJFSOBJECTEN_MEDEL VALUES(117,2.81010000068033E14,'http://bag.basisregistraties.overheid.nl/bag/id/verblijfsobject/0281010000068033',3398,'Verblijfsobject in gebruik','industriefunctie,kantoorfunctie','Biezenwei',21,NULL,NULL,'4004MB','Tiel',2008,2.81100000000073E14,'Pand in gebruik','verblijfsobject.b18477ee-97c2-4898-bca2-3d04c68a57b1',160440.904E0,435485.986E0)
INSERT INTO VERBLIJFSOBJECTEN_MEDEL VALUES(118,2.81010000068034E14,'http://bag.basisregistraties.overheid.nl/bag/id/verblijfsobject/0281010000068034',508,'Verblijfsobject in gebruik','kantoorfunctie','Biezenwei',23,NULL,NULL,'4004MB','Tiel',2008,2.81100000000073E14,'Pand in gebruik','verblijfsobject.c8f01655-a58c-416e-bd04-aa709c2bd8de',160476.809E0,435479.639E0)
INSERT INTO VERBLIJFSOBJECTEN_MEDEL VALUES(119,2.81010000068082E14,'http://bag.basisregistraties.overheid.nl/bag/id/verblijfsobject/0281010000068082',611,'Verblijfsobject in gebruik','industriefunctie','Het Eek',5,'a',NULL,'4004LM','Tiel',2007,2.8110000000007E14,'Pand in gebruik','verblijfsobject.e4340043-40f9-45a7-b811-271ce1b1f03c',159219.546E0,436242.936E0)
INSERT INTO VERBLIJFSOBJECTEN_MEDEL VALUES(120,2.81010000068083E14,'http://bag.basisregistraties.overheid.nl/bag/id/verblijfsobject/0281010000068083',1021,'Verblijfsobject in gebruik','industriefunctie','Het Eek',5,'b',NULL,'4004LM','Tiel',2007,2.8110000000007E14,'Pand in gebruik','verblijfsobject.2bb35df3-86d0-4b2a-828d-0acaa8b5c347',159225.501E0,436226.535E0)
INSERT INTO VERBLIJFSOBJECTEN_MEDEL VALUES(121,2.81010000068144E14,'http://bag.basisregistraties.overheid.nl/bag/id/verblijfsobject/0281010000068144',3475,'Verblijfsobject in gebruik','industriefunctie','Biezenwei',14,NULL,NULL,'4004MB','Tiel',2016,2.81100000067365E14,'Pand in gebruik','verblijfsobject.5f3d0ca7-5801-4c42-87b1-ca9b17ebbb52',160357.991E0,435440.353E0)
INSERT INTO VERBLIJFSOBJECTEN_MEDEL VALUES(122,2.81010000068192E14,'http://bag.basisregistraties.overheid.nl/bag/id/verblijfsobject/0281010000068192',49,'Verblijfsobject in gebruik','overige gebruiksfunctie','Het Eek',8,NULL,NULL,NULL,'Tiel',2004,2.81100000067426E14,'Pand in gebruik','verblijfsobject.48140dc1-5a55-42d4-bc07-bdaae6195e2b',159177.392E0,436182.425E0)
INSERT INTO VERBLIJFSOBJECTEN_MEDEL VALUES(123,2.81010000068352E14,'http://bag.basisregistraties.overheid.nl/bag/id/verblijfsobject/0281010000068352',1613,'Verblijfsobject in gebruik','industriefunctie','Het Eek',7,NULL,NULL,'4004LM','Tiel',2018,2.81100000067696E14,'Pand in gebruik','verblijfsobject.e175402e-a409-4ede-bcf0-50b449260946',159268.102E0,436108.321E0)
INSERT INTO VERBLIJFSOBJECTEN_MEDEL VALUES(124,2.81010000068354E14,'http://bag.basisregistraties.overheid.nl/bag/id/verblijfsobject/0281010000068354',16658,'Verblijfsobject in gebruik','industriefunctie','Grotewei',2,NULL,NULL,'4004LW','Tiel',2018,2.81100000067698E14,'Pand in gebruik','verblijfsobject.85b113ba-38c6-42e1-9510-0e3b77672749',159032.14E0,436429.988E0)
INSERT INTO VERBLIJFSOBJECTEN_MEDEL VALUES(125,2.81010000068466E14,'http://bag.basisregistraties.overheid.nl/bag/id/verblijfsobject/0281010000068466',22381,'Verblijfsobject in gebruik','industriefunctie','De Prinsenhof',11,NULL,NULL,'4004LN','Tiel',2018,2.81100000067836E14,'Pand in gebruik','verblijfsobject.effb5045-ee33-4df1-9459-c6488c48f587',159886.407E0,436372.16E0)
INSERT INTO VERBLIJFSOBJECTEN_MEDEL VALUES(126,2.81010000068572E14,'http://bag.basisregistraties.overheid.nl/bag/id/verblijfsobject/0281010000068572',5180,'Verblijfsobject in gebruik','industriefunctie','Biezenwei',12,NULL,NULL,'4004MB','Tiel',2019,2.81100000068078E14,'Pand in gebruik','verblijfsobject.4d13ef1b-1b41-4480-a2f0-7ef4b06a493e',160359.426E0,435525.465E0)
INSERT INTO VERBLIJFSOBJECTEN_MEDEL VALUES(127,2.81010000068597E14,'http://bag.basisregistraties.overheid.nl/bag/id/verblijfsobject/0281010000068597',496,'Verblijfsobject in gebruik','kantoorfunctie','Medelsestraat-Oost',17,NULL,NULL,'4004LE','Tiel',2018,2.81100000068102E14,'Pand in gebruik','verblijfsobject.e4490882-c244-42a2-8d6d-b6be0f36dcd0',159948.308E0,435688.701E0)
INSERT INTO VERBLIJFSOBJECTEN_MEDEL VALUES(128,2.81010000068634E14,'http://bag.basisregistraties.overheid.nl/bag/id/verblijfsobject/0281010000068634',102,'Verblijfsobject in gebruik','kantoorfunctie','De Riemsdijk',18,NULL,NULL,'4004LC','Tiel',2021,2.81100000068518E14,'Pand in gebruik','verblijfsobject.0985ad5d-42d8-4aef-852b-d336ff523bf9',158767.986E0,436659.011E0)
INSERT INTO VERBLIJFSOBJECTEN_MEDEL VALUES(129,2.81010000068755E14,'http://bag.basisregistraties.overheid.nl/bag/id/verblijfsobject/0281010000068755',7304,'Verblijfsobject in gebruik','industriefunctie','Krommewei',8,NULL,NULL,'4004LZ','Tiel',2019,2.8110000006821E14,'Pand in gebruik','verblijfsobject.552fe510-787b-42db-8626-2f6238f9b8b1',159604.283E0,435588.176E0)
INSERT INTO VERBLIJFSOBJECTEN_MEDEL VALUES(130,2.81010000068756E14,'http://bag.basisregistraties.overheid.nl/bag/id/verblijfsobject/0281010000068756',1506,'Verblijfsobject in gebruik','industriefunctie','Biezenwei',13,NULL,NULL,'4004MB','Tiel',2020,2.81100000068211E14,'Pand in gebruik','verblijfsobject.f1c45ea0-e9a8-4dc2-86c8-52b665801ee8',160277.148E0,435597.526E0)
INSERT INTO VERBLIJFSOBJECTEN_MEDEL VALUES(131,2.81010000069183E14,'http://bag.basisregistraties.overheid.nl/bag/id/verblijfsobject/0281010000069183',807,'Verblijfsobject in gebruik','industriefunctie','Lingewei',105,NULL,NULL,'4004LH','Tiel',2021,2.81100000068599E14,'Pand in gebruik','verblijfsobject.f795f815-3efe-4b8d-9717-ee8c72cccacc',159781.658E0,436865.861E0)
INSERT INTO VERBLIJFSOBJECTEN_MEDEL VALUES(132,2.81010000069187E14,'http://bag.basisregistraties.overheid.nl/bag/id/verblijfsobject/0281010000069187',7415,'Verblijfsobject in gebruik','industriefunctie','De Geer',14,NULL,NULL,'4004LT','Tiel',2021,2.811000000686E14,'Pand in gebruik','verblijfsobject.233ffd9f-0e1e-409f-966d-e0fbaa8b58d8',159727.896E0,435944.371E0)
INSERT INTO VERBLIJFSOBJECTEN_MEDEL VALUES(133,2.81010000069531E14,'http://bag.basisregistraties.overheid.nl/bag/id/verblijfsobject/0281010000069531',1091,'Verblijfsobject in gebruik','industriefunctie','Lingewei',113,NULL,NULL,'4004LH','Tiel',2021,2.81100000068725E14,'Pand in gebruik','verblijfsobject.9e6f5f5d-0828-4ef9-b18f-e347c5175995',159945.327E0,436909.428E0)
INSERT INTO VERBLIJFSOBJECTEN_MEDEL VALUES(134,2.81010000069605E14,'http://bag.basisregistraties.overheid.nl/bag/id/verblijfsobject/0281010000069605',700,'Verblijfsobject in gebruik','industriefunctie','Krommewei',3,NULL,NULL,'4004LZ','Tiel',2022,2.81100000068785E14,'Pand in gebruik','verblijfsobject.15340315-3be0-4826-a03d-552634547cd5',159655.689E0,435640.447E0)
INSERT INTO VERBLIJFSOBJECTEN_MEDEL VALUES(135,2.81010000069705E14,'http://bag.basisregistraties.overheid.nl/bag/id/verblijfsobject/0281010000069705',1297,'Verblijfsobject in gebruik','industriefunctie','Lingewei',103,NULL,NULL,'4004LH','Tiel',2022,2.81100000068813E14,'Pand in gebruik','verblijfsobject.3a548c3f-4e6c-415f-86bd-caa0cda41cee',159704.542E0,436856.581E0)
INSERT INTO VERBLIJFSOBJECTEN_MEDEL VALUES(136,2.81010000069754E14,'http://bag.basisregistraties.overheid.nl/bag/id/verblijfsobject/0281010000069754',985,'Verblijfsobject gevormd','industriefunctie','Lingewei',103,'a',NULL,'4004LH','Tiel',2023,2.81100000068949E14,'Bouwvergunning verleend','verblijfsobject.c77dc98c-40bf-4da9-b83a-e1275026f5ec',159734.44E0,436869.6259999999E0)
INSERT INTO VERBLIJFSOBJECTEN_MEDEL VALUES(137,2.81010000068822E14,'http://bag.basisregistraties.overheid.nl/bag/id/verblijfsobject/0281010000068822',22744,'Verblijfsobject in gebruik','industriefunctie,kantoorfunctie','De Riemsdijk',22,NULL,NULL,'4004LC','Tiel',2021,2.81100000068231E14,'Pand in gebruik','verblijfsobject.b289aad1-ad20-4dcf-8dca-142152c9cb23',158637.09E0,436793.529E0)
COMMIT
DISCONNECT
/*C2*/CREATE TABLE panden_met_verblijfsobjecten_ce ( al_id INT IDENTITY , identifica DOUBLE NULL , rdf_seeals LONGVARCHAR NULL , bouwjaar INTEGER NULL , status LONGVARCHAR NULL , gebruiksdo LONGVARCHAR NULL , oppervlakt INTEGER NULL , oppervla_1 INTEGER NULL , aantal_ver INTEGER NULL , fuuid LONGVARCHAR NULL , xcoord DOUBLE NULL , ycoord DOUBLE NULL ) 
INSERT INTO AL_TABLES VALUES('panden_met_verblijfsobjecten_ce',NULL,'')
COMMIT
/*C4*/SET SCHEMA PUBLIC
INSERT INTO PANDEN_MET_VERBLIJFSOBJECTEN_CE VALUES(0,2.8110000000205E14,'http://bag.basisregistraties.overheid.nl/bag/id/pand/0281100000002050',2006,'Verbouwing pand','industriefunctie,kantoorfunctie',35800,35800,1,'pand.a78d9666-0857-410e-abec-4966982aff11',5.453412380822448E0,51.91599350140352E0)
INSERT INTO PANDEN_MET_VERBLIJFSOBJECTEN_CE VALUES(1,2.81100000001811E14,'http://bag.basisregistraties.overheid.nl/bag/id/pand/0281100000001811',2003,'Pand in gebruik','industriefunctie,kantoorfunctie',1085,19866,3,'pand.60e66dac-196b-4f28-bd56-90215fed880b',5.444605607520388E0,51.91778009898494E0)
INSERT INTO PANDEN_MET_VERBLIJFSOBJECTEN_CE VALUES(2,2.81100000001821E14,'http://bag.basisregistraties.overheid.nl/bag/id/pand/0281100000001821',2004,'Pand in gebruik','kantoorfunctie',37,37,1,'pand.df40d07a-14e3-447a-a4d9-079476f77d26',5.442812290137472E0,51.9188803189036E0)
INSERT INTO PANDEN_MET_VERBLIJFSOBJECTEN_CE VALUES(3,2.81100000001822E14,'http://bag.basisregistraties.overheid.nl/bag/id/pand/0281100000001822',2004,'Pand in gebruik',NULL,NULL,NULL,0,'pand.137b4328-130a-4f48-900e-f5444aaf3064',5.44279761024004E0,51.91903215189958E0)
INSERT INTO PANDEN_MET_VERBLIJFSOBJECTEN_CE VALUES(4,2.81100000001824E14,'http://bag.basisregistraties.overheid.nl/bag/id/pand/0281100000001824',2003,'Pand in gebruik',NULL,NULL,NULL,0,'pand.0b16a10e-43a0-4dca-aa85-6f5f7ad4c755',5.446955601062492E0,51.92032472817066E0)
INSERT INTO PANDEN_MET_VERBLIJFSOBJECTEN_CE VALUES(5,2.8110000000007E14,'http://bag.basisregistraties.overheid.nl/bag/id/pand/0281100000000070',2007,'Pand in gebruik','industriefunctie,kantoorfunctie',611,11545,3,'pand.441285eb-3bed-4e3d-b0cd-b940a6be1ab0',5.449003088097472E0,51.91507468574945E0)
INSERT INTO PANDEN_MET_VERBLIJFSOBJECTEN_CE VALUES(6,2.81100000000071E14,'http://bag.basisregistraties.overheid.nl/bag/id/pand/0281100000000071',2004,'Pand in gebruik','industriefunctie,kantoorfunctie',31743,31743,1,'pand.5dde5ea0-7a66-4a0c-a811-2b03315c9bfb',5.452404508163214E0,51.91387576731102E0)
INSERT INTO PANDEN_MET_VERBLIJFSOBJECTEN_CE VALUES(7,2.81100000000072E14,'http://bag.basisregistraties.overheid.nl/bag/id/pand/0281100000000072',2004,'Pand in gebruik','winkelfunctie',18184,18184,1,'pand.fbfc81eb-c4be-4e3d-8cd4-de8c47fceef1',5.448488421212558E0,51.91792977723517E0)
INSERT INTO PANDEN_MET_VERBLIJFSOBJECTEN_CE VALUES(8,2.8110000000029E14,'http://bag.basisregistraties.overheid.nl/bag/id/pand/0281100000000290',2000,'Pand in gebruik','industriefunctie',3235,3235,1,'pand.84f31374-d8bd-4f36-90a2-7cbf0f65f16c',5.445017802275348E0,51.91924771738768E0)
INSERT INTO PANDEN_MET_VERBLIJFSOBJECTEN_CE VALUES(9,2.81100000000329E14,'http://bag.basisregistraties.overheid.nl/bag/id/pand/0281100000000329',2008,'Pand in gebruik','industriefunctie,kantoorfunctie',278,44372,2,'pand.998607ce-8336-4938-97d1-63cc6015c242',5.450266263604958E0,51.91725629319028E0)
INSERT INTO PANDEN_MET_VERBLIJFSOBJECTEN_CE VALUES(10,2.81100000000328E14,'http://bag.basisregistraties.overheid.nl/bag/id/pand/0281100000000328',2005,'Verbouwing pand','industriefunctie,kantoorfunctie',237,18754,3,'pand.d18fda9b-1c11-471c-949b-41e92f658191',5.450839989463818E0,51.91301383806956E0)
INSERT INTO PANDEN_MET_VERBLIJFSOBJECTEN_CE VALUES(11,2.81100000000343E14,'http://bag.basisregistraties.overheid.nl/bag/id/pand/0281100000000343',2006,'Pand in gebruik','industriefunctie',18779,18779,1,'pand.de8612ec-3706-4e07-8409-240498674cf1',5.456191192769722E0,51.91886664380726E0)
INSERT INTO PANDEN_MET_VERBLIJFSOBJECTEN_CE VALUES(12,2.81100000025001E14,'http://bag.basisregistraties.overheid.nl/bag/id/pand/0281100000025001',2004,'Pand in gebruik','winkelfunctie',1902,1902,1,'pand.8b08b9e8-d909-4c1a-afa8-d6a4d3d7af32',5.454735067277466E0,51.91167276122376E0)
INSERT INTO PANDEN_MET_VERBLIJFSOBJECTEN_CE VALUES(13,2.81100000025003E14,'http://bag.basisregistraties.overheid.nl/bag/id/pand/0281100000025003',2008,'Pand in gebruik','industriefunctie',5330,5330,1,'pand.7feb673f-6b28-43f7-9791-eea8d56f51fe',5.45447904688855E0,51.9145913812081E0)
INSERT INTO PANDEN_MET_VERBLIJFSOBJECTEN_CE VALUES(14,2.81100000025004E14,'http://bag.basisregistraties.overheid.nl/bag/id/pand/0281100000025004',2005,'Pand in gebruik','industriefunctie,kantoorfunctie',9588,9588,1,'pand.0b0a4f86-b09f-493c-9c85-349922bc7803',5.451160888227524E0,51.91582106262958E0)
INSERT INTO PANDEN_MET_VERBLIJFSOBJECTEN_CE VALUES(15,2.81100000025005E14,'http://bag.basisregistraties.overheid.nl/bag/id/pand/0281100000025005',2005,'Pand in gebruik','industriefunctie',4655,4655,1,'pand.f13c8b0e-f7b7-404c-963e-fe05de8f0a7a',5.44771320611513E0,51.91920702961905E0)
INSERT INTO PANDEN_MET_VERBLIJFSOBJECTEN_CE VALUES(16,2.81100000025007E14,'http://bag.basisregistraties.overheid.nl/bag/id/pand/0281100000025007',2007,'Pand in gebruik','kantoorfunctie',1003,1708,2,'pand.993466a3-3276-49ef-9056-4f6e15fa5e5b',5.449370914414962E0,51.91965405597874E0)
INSERT INTO PANDEN_MET_VERBLIJFSOBJECTEN_CE VALUES(17,2.81100000025008E14,'http://bag.basisregistraties.overheid.nl/bag/id/pand/0281100000025008',2006,'Pand in gebruik','industriefunctie,kantoorfunctie',46,191,18,'pand.e5437d8e-801e-4f0d-8515-96a7dc44f57d',5.450617155461368E0,51.91999599380006E0)
INSERT INTO PANDEN_MET_VERBLIJFSOBJECTEN_CE VALUES(18,2.81100000025009E14,'http://bag.basisregistraties.overheid.nl/bag/id/pand/0281100000025009',2004,'Pand in gebruik','industriefunctie',80,173,14,'pand.71908606-9c8e-448b-965f-14585eb20935',5.45009460770378E0,51.91983636757088E0)
INSERT INTO PANDEN_MET_VERBLIJFSOBJECTEN_CE VALUES(19,2.81100000025011E14,'http://bag.basisregistraties.overheid.nl/bag/id/pand/0281100000025011',2005,'Pand in gebruik','industriefunctie',131,432,5,'pand.3c8f6843-a9f6-4309-9e03-0347f172d340',5.451064866107662E0,51.92013889419103E0)
INSERT INTO PANDEN_MET_VERBLIJFSOBJECTEN_CE VALUES(20,2.81100000067836E14,'http://bag.basisregistraties.overheid.nl/bag/id/pand/0281100000067836',2018,'Pand in gebruik','industriefunctie',22381,22381,1,'pand.64a40a4c-0434-407a-afce-87f7b2c39f9e',5.457047404254682E0,51.91602396331324E0)
INSERT INTO PANDEN_MET_VERBLIJFSOBJECTEN_CE VALUES(21,2.81100000021216E14,'http://bag.basisregistraties.overheid.nl/bag/id/pand/0281100000021216',2008,'Pand in gebruik',NULL,NULL,NULL,0,'pand.216720a0-aa36-4e93-8150-1561973cb9a5',5.445512279139966E0,51.91995085076503E0)
INSERT INTO PANDEN_MET_VERBLIJFSOBJECTEN_CE VALUES(22,2.81100000068518E14,'http://bag.basisregistraties.overheid.nl/bag/id/pand/0281100000068518',2021,'Pand in gebruik','kantoorfunctie',102,102,1,'pand.b4692dcf-0dca-476d-9937-16218201af5a',5.44194766400658E0,51.9183911907323E0)
INSERT INTO PANDEN_MET_VERBLIJFSOBJECTEN_CE VALUES(23,2.81100000021214E14,'http://bag.basisregistraties.overheid.nl/bag/id/pand/0281100000021214',2003,'Pand in gebruik','industriefunctie',1434,1434,1,'pand.705eacdd-36f2-42d4-b623-54eb91293a3f',5.44320586765449E0,51.91900952579336E0)
INSERT INTO PANDEN_MET_VERBLIJFSOBJECTEN_CE VALUES(24,2.81100000021215E14,'http://bag.basisregistraties.overheid.nl/bag/id/pand/0281100000021215',1800,'Pand in gebruik','woonfunctie',475,475,1,'pand.9dfd98a5-fad5-4abd-80c1-3fad3622080e',5.445522939679486E0,51.92030837147219E0)
INSERT INTO PANDEN_MET_VERBLIJFSOBJECTEN_CE VALUES(25,2.81100000021217E14,'http://bag.basisregistraties.overheid.nl/bag/id/pand/0281100000021217',2008,'Pand in gebruik',NULL,NULL,NULL,0,'pand.1ac57cf8-fc3a-4ad7-b021-b6dab3da49fd',5.445130404533368E0,51.91992199611894E0)
INSERT INTO PANDEN_MET_VERBLIJFSOBJECTEN_CE VALUES(26,2.81100000065802E14,'http://bag.basisregistraties.overheid.nl/bag/id/pand/0281100000065802',2010,'Pand in gebruik','industriefunctie,kantoorfunctie',38328,38328,1,'pand.f877ac2a-82de-40a3-9ed9-3f7462b4edac',5.456912070733448E0,51.91726241181004E0)
INSERT INTO PANDEN_MET_VERBLIJFSOBJECTEN_CE VALUES(27,2.81100000066963E14,'http://bag.basisregistraties.overheid.nl/bag/id/pand/0281100000066963',2013,'Pand in gebruik','overige gebruiksfunctie',14,14,1,'pand.bf72a040-9a65-4994-9262-39384523512a',5.442058250005752E0,51.91726123693513E0)
INSERT INTO PANDEN_MET_VERBLIJFSOBJECTEN_CE VALUES(28,2.81100000068599E14,'http://bag.basisregistraties.overheid.nl/bag/id/pand/0281100000068599',2021,'Pand in gebruik','industriefunctie',807,807,1,'pand.262bef6e-55b1-4986-88b6-bc4208c79a21',5.456601925278448E0,51.9204583361203E0)
INSERT INTO PANDEN_MET_VERBLIJFSOBJECTEN_CE VALUES(29,2.811000000686E14,'http://bag.basisregistraties.overheid.nl/bag/id/pand/0281100000068600',2021,'Pand in gebruik','industriefunctie',7415,7415,1,'pand.5d691dee-173d-41ae-9afd-056c06a3a9a5',5.45553159627582E0,51.91214778550335E0)
INSERT INTO PANDEN_MET_VERBLIJFSOBJECTEN_CE VALUES(30,2.81100000067426E14,'http://bag.basisregistraties.overheid.nl/bag/id/pand/0281100000067426',2004,'Pand in gebruik','overige gebruiksfunctie',49,49,1,'pand.d667b52b-dc8a-4d8c-a129-60fdd1e87bfc',5.447932413075762E0,51.91411537988724E0)
INSERT INTO PANDEN_MET_VERBLIJFSOBJECTEN_CE VALUES(31,2.81100000066552E14,'http://bag.basisregistraties.overheid.nl/bag/id/pand/0281100000066552',2011,'Pand in gebruik','industriefunctie,kantoorfunctie',6798,6798,1,'pand.a7a53f98-e43f-4a88-9549-c62d313f1858',5.455452438701878E0,51.9133314683848E0)
INSERT INTO PANDEN_MET_VERBLIJFSOBJECTEN_CE VALUES(32,2.81100000068231E14,'http://bag.basisregistraties.overheid.nl/bag/id/pand/0281100000068231',2021,'Pand in gebruik','industriefunctie,kantoorfunctie',22744,22744,1,'pand.2124ffa1-991c-48e2-88c4-62ef71674c69',5.43914970761507E0,51.91966163919351E0)
INSERT INTO PANDEN_MET_VERBLIJFSOBJECTEN_CE VALUES(33,2.81100000068764E14,'http://bag.basisregistraties.overheid.nl/bag/id/pand/0281100000068764',2022,'Pand in gebruik',NULL,NULL,NULL,0,'pand.57fa8543-4acf-4582-b62e-419fe12cba20',5.449816810827038E0,51.91327664512399E0)
INSERT INTO PANDEN_MET_VERBLIJFSOBJECTEN_CE VALUES(34,2.81100000066642E14,'http://bag.basisregistraties.overheid.nl/bag/id/pand/0281100000066642',2013,'Pand in gebruik','industriefunctie,kantoorfunctie',5320,5320,1,'pand.a2ab30ee-57b4-4cea-a46a-000d5ca626f0',5.452571712136366E0,51.91937382840248E0)
INSERT INTO PANDEN_MET_VERBLIJFSOBJECTEN_CE VALUES(35,2.81100000066644E14,'http://bag.basisregistraties.overheid.nl/bag/id/pand/0281100000066644',2009,'Pand in gebruik','industriefunctie,kantoorfunctie',150,870,7,'pand.709c31fd-50be-4547-a04e-30fb0ee59e3f',5.451636892402546E0,51.92025367949456E0)
INSERT INTO PANDEN_MET_VERBLIJFSOBJECTEN_CE VALUES(36,2.81100000068949E14,'http://bag.basisregistraties.overheid.nl/bag/id/pand/0281100000068949',2023,'Bouwvergunning verleend','industriefunctie',985,985,1,'pand.1d05b25d-d547-4a48-a8a3-f194ab11bb4c',5.455980820637642E0,51.92041378289581E0)
INSERT INTO PANDEN_MET_VERBLIJFSOBJECTEN_CE VALUES(37,2.81100000066755E14,'http://bag.basisregistraties.overheid.nl/bag/id/pand/0281100000066755',2012,'Pand in gebruik','industriefunctie,kantoorfunctie',1488,1488,1,'pand.ad8b480d-79d3-4e5f-b1c3-098a987e3039',5.454738906429958E0,51.92024159722032E0)
INSERT INTO PANDEN_MET_VERBLIJFSOBJECTEN_CE VALUES(38,2.81100000067696E14,'http://bag.basisregistraties.overheid.nl/bag/id/pand/0281100000067696',2018,'Pand in gebruik','industriefunctie',1613,1613,1,'pand.2dc5afbf-fa81-41bf-a9b8-4d95a448dd9b',5.449392627695918E0,51.91362250464651E0)
INSERT INTO PANDEN_MET_VERBLIJFSOBJECTEN_CE VALUES(39,2.81100000067698E14,'http://bag.basisregistraties.overheid.nl/bag/id/pand/0281100000067698',2018,'Pand in gebruik','industriefunctie',16658,16658,1,'pand.b4459626-ac9c-4052-a1c7-77baa3bde556',5.444991598911222E0,51.91686605717781E0)
INSERT INTO PANDEN_MET_VERBLIJFSOBJECTEN_CE VALUES(40,2.81100000025006E14,'http://bag.basisregistraties.overheid.nl/bag/id/pand/0281100000025006',2002,'Pand in gebruik (niet ingemeten)','industriefunctie',13409,13409,1,'pand.df74fe08-141c-464b-9c92-2ff0b257a2e0',5.450582648800024E0,51.91861418953608E0)
INSERT INTO PANDEN_MET_VERBLIJFSOBJECTEN_CE VALUES(41,2.81100000068813E14,'http://bag.basisregistraties.overheid.nl/bag/id/pand/0281100000068813',2022,'Pand in gebruik','industriefunctie',1297,1297,1,'pand.0e7587b1-f881-47b9-8bb2-16b927471a02',5.45553184215279E0,51.92034349084152E0)
INSERT INTO PANDEN_MET_VERBLIJFSOBJECTEN_CE VALUES(42,2.81100000002053E14,'http://bag.basisregistraties.overheid.nl/bag/id/pand/0281100000002053',2008,'Pand in gebruik',NULL,NULL,NULL,0,'pand.20d208a7-7930-497c-a9ec-d0c3bc945b50',5.458634444188546E0,51.91822158766026E0)
INSERT INTO PANDEN_MET_VERBLIJFSOBJECTEN_CE VALUES(43,2.81100000002054E14,'http://bag.basisregistraties.overheid.nl/bag/id/pand/0281100000002054',2008,'Pand in gebruik',NULL,NULL,NULL,0,'pand.9c0157cd-65e3-486d-8ab3-0edd8d422f23',5.458330502372646E0,51.91913194767629E0)
INSERT INTO PANDEN_MET_VERBLIJFSOBJECTEN_CE VALUES(44,2.81100000066193E14,'http://bag.basisregistraties.overheid.nl/bag/id/pand/0281100000066193',2009,'Verbouwing pand','industriefunctie,kantoorfunctie',49819,49819,1,'pand.c1bf55dd-3fe4-4fd2-841e-9dd3fa6c994c',5.459706379600042E0,51.91877418474224E0)
INSERT INTO PANDEN_MET_VERBLIJFSOBJECTEN_CE VALUES(45,2.81100000066527E14,'http://bag.basisregistraties.overheid.nl/bag/id/pand/0281100000066527',2011,'Pand in gebruik','industriefunctie,kantoorfunctie',821,889,2,'pand.cb3d1df2-3fb5-4c4b-95a9-810bc1579fe2',5.458445189451114E0,51.92061910487616E0)
INSERT INTO PANDEN_MET_VERBLIJFSOBJECTEN_CE VALUES(46,2.81100000068725E14,'http://bag.basisregistraties.overheid.nl/bag/id/pand/0281100000068725',2021,'Pand in gebruik','industriefunctie',1091,1091,1,'pand.eeb0db83-4f8a-49d9-bed9-f0ce41a8eb3a',5.459004629994902E0,51.9208082069223E0)
INSERT INTO PANDEN_MET_VERBLIJFSOBJECTEN_CE VALUES(47,2.81100000066645E14,'http://bag.basisregistraties.overheid.nl/bag/id/pand/0281100000066645',2009,'Pand in gebruik','industriefunctie,kantoorfunctie',2062,2062,1,'pand.e2cee2e0-411f-4aaa-89eb-94b520446ff6',5.457684471642328E0,51.92058615646584E0)
INSERT INTO PANDEN_MET_VERBLIJFSOBJECTEN_CE VALUES(48,2.81100000002041E14,'http://bag.basisregistraties.overheid.nl/bag/id/pand/0281100000002041',2008,'Pand in gebruik','industriefunctie,kantoorfunctie',185,6541,8,'pand.cb92cea1-ca0e-4cf0-a20d-1f8f4514d3fd',5.452965000467014E0,51.91088117928754E0)
INSERT INTO PANDEN_MET_VERBLIJFSOBJECTEN_CE VALUES(49,2.81100000002043E14,'http://bag.basisregistraties.overheid.nl/bag/id/pand/0281100000002043',2008,'Pand in gebruik',NULL,NULL,NULL,0,'pand.d49285af-8512-403b-bbf3-867f7785f0e9',5.45584331049101E0,51.90963385242643E0)
INSERT INTO PANDEN_MET_VERBLIJFSOBJECTEN_CE VALUES(50,2.81100000002047E14,'http://bag.basisregistraties.overheid.nl/bag/id/pand/0281100000002047',2004,'Pand in gebruik',NULL,NULL,NULL,0,'pand.12c68d3a-a62f-47d3-b8e2-859185f774f4',5.454720384541756E0,51.91115072570481E0)
INSERT INTO PANDEN_MET_VERBLIJFSOBJECTEN_CE VALUES(51,2.81100000000068E14,'http://bag.basisregistraties.overheid.nl/bag/id/pand/0281100000000068',2006,'Pand in gebruik','overige gebruiksfunctie',150,150,1,'pand.e80a2139-957d-4268-ba76-8ecccf77b19c',5.455595725119466E0,51.90886577042077E0)
INSERT INTO PANDEN_MET_VERBLIJFSOBJECTEN_CE VALUES(52,2.81100000000069E14,'http://bag.basisregistraties.overheid.nl/bag/id/pand/0281100000000069',2005,'Pand in gebruik','industriefunctie',4727,4727,1,'pand.f3d01250-4e30-49a3-bfca-c0b1357f0155',5.451584423502652E0,51.91138298268709E0)
INSERT INTO PANDEN_MET_VERBLIJFSOBJECTEN_CE VALUES(53,2.81100000024992E14,'http://bag.basisregistraties.overheid.nl/bag/id/pand/0281100000024992',2008,'Pand in gebruik','industriefunctie,kantoorfunctie',475,9220,12,'pand.dab193d0-c33e-4403-8ef6-ebc69711e8b6',5.455947069000878E0,51.90740973582589E0)
INSERT INTO PANDEN_MET_VERBLIJFSOBJECTEN_CE VALUES(54,2.81100000024998E14,'http://bag.basisregistraties.overheid.nl/bag/id/pand/0281100000024998',1970,'Pand in gebruik','kantoorfunctie',505,505,1,'pand.133f28a6-8d91-46d3-970c-7782680ae912',5.455904331520684E0,51.90944593223861E0)
INSERT INTO PANDEN_MET_VERBLIJFSOBJECTEN_CE VALUES(55,2.81100000025E14,'http://bag.basisregistraties.overheid.nl/bag/id/pand/0281100000025000',2004,'Pand in gebruik','industriefunctie',1962,1962,1,'pand.80aab29f-8216-4be1-be7e-7e04aa5a9f4d',5.454118843918296E0,51.91108994918235E0)
INSERT INTO PANDEN_MET_VERBLIJFSOBJECTEN_CE VALUES(56,2.81100000066837E14,'http://bag.basisregistraties.overheid.nl/bag/id/pand/0281100000066837',2009,'Pand in gebruik','winkelfunctie',427,427,1,'pand.44242692-df7e-4d19-9bde-7a53ec7e0d2d',5.452632725547066E0,51.90975747611864E0)
INSERT INTO PANDEN_MET_VERBLIJFSOBJECTEN_CE VALUES(57,2.81100000066838E14,'http://bag.basisregistraties.overheid.nl/bag/id/pand/0281100000066838',2009,'Pand in gebruik','industriefunctie,kantoorfunctie',2302,2302,1,'pand.99299b51-83bc-4b76-8fef-eb79b84f9abf',5.453062761265044E0,51.90938453493634E0)
INSERT INTO PANDEN_MET_VERBLIJFSOBJECTEN_CE VALUES(58,2.81100000023727E14,'http://bag.basisregistraties.overheid.nl/bag/id/pand/0281100000023727',2008,'Pand in gebruik','industriefunctie',2410,2410,1,'pand.f0a79c30-6f1e-44f5-8264-564174b65456',5.456928365831264E0,51.90613953308739E0)
INSERT INTO PANDEN_MET_VERBLIJFSOBJECTEN_CE VALUES(59,2.81100000066992E14,'http://bag.basisregistraties.overheid.nl/bag/id/pand/0281100000066992',2015,'Pand in gebruik','bijeenkomstfunctie',1165,1165,1,'pand.4b5d05be-a681-4f60-8525-564a4061c758',5.456156870968258E0,51.9104357380402E0)
INSERT INTO PANDEN_MET_VERBLIJFSOBJECTEN_CE VALUES(60,2.81100000066553E14,'http://bag.basisregistraties.overheid.nl/bag/id/pand/0281100000066553',2010,'Pand in gebruik','industriefunctie,kantoorfunctie',3177,3177,1,'pand.b42c00e6-53a9-41aa-870c-d68eff046e5d',5.452308745076992E0,51.91155194380747E0)
INSERT INTO PANDEN_MET_VERBLIJFSOBJECTEN_CE VALUES(61,2.8110000006821E14,'http://bag.basisregistraties.overheid.nl/bag/id/pand/0281100000068210',2019,'Pand in gebruik','industriefunctie',7304,7304,1,'pand.0ec21b53-ed67-45d5-bb47-b0aaf9c0abd5',5.453712651658342E0,51.90867004859522E0)
INSERT INTO PANDEN_MET_VERBLIJFSOBJECTEN_CE VALUES(62,2.81100000066557E14,'http://bag.basisregistraties.overheid.nl/bag/id/pand/0281100000066557',2011,'Pand in gebruik','industriefunctie,kantoorfunctie',323,323,1,'pand.face8006-ce7d-4db5-9648-c7db10b1eac3',5.45277666229639E0,51.91208389524502E0)
INSERT INTO PANDEN_MET_VERBLIJFSOBJECTEN_CE VALUES(63,2.81100000066558E14,'http://bag.basisregistraties.overheid.nl/bag/id/pand/0281100000066558',2011,'Pand in gebruik',NULL,NULL,NULL,0,'pand.d5557daf-1b55-469a-a9a1-d0384600e851',5.453117836186568E0,51.91156123386664E0)
INSERT INTO PANDEN_MET_VERBLIJFSOBJECTEN_CE VALUES(64,2.81100000066624E14,'http://bag.basisregistraties.overheid.nl/bag/id/pand/0281100000066624',2010,'Pand in gebruik','overige gebruiksfunctie',18,18,1,'pand.080a986c-da53-4d08-8c43-9597490c3b97',5.453517338623446E0,51.90960764781386E0)
INSERT INTO PANDEN_MET_VERBLIJFSOBJECTEN_CE VALUES(65,2.81100000068785E14,'http://bag.basisregistraties.overheid.nl/bag/id/pand/0281100000068785',2022,'Pand in gebruik','industriefunctie',700,700,1,'pand.690f19ee-45c0-4511-9685-c70dd496ee5f',5.455041239791336E0,51.90928514864693E0)
INSERT INTO PANDEN_MET_VERBLIJFSOBJECTEN_CE VALUES(66,2.8110000006885E14,'http://bag.basisregistraties.overheid.nl/bag/id/pand/0281100000068850',2022,'Pand in gebruik',NULL,NULL,NULL,0,'pand.2d2a4233-1527-4963-b922-7491480cf289',5.455076009613562E0,51.90830717159888E0)
INSERT INTO PANDEN_MET_VERBLIJFSOBJECTEN_CE VALUES(67,2.81100000002095E14,'http://bag.basisregistraties.overheid.nl/bag/id/pand/0281100000002095',2007,'Pand in gebruik','industriefunctie,kantoorfunctie',2600,2600,1,'pand.258d0936-3408-4106-b485-b3988d556838',5.461417912432128E0,51.90681709651667E0)
INSERT INTO PANDEN_MET_VERBLIJFSOBJECTEN_CE VALUES(68,2.81100000000073E14,'http://bag.basisregistraties.overheid.nl/bag/id/pand/0281100000000073',2008,'Pand in gebruik','industriefunctie,kantoorfunctie',508,3398,2,'pand.693347fe-54f6-4228-ac01-64440523d57a',5.466550324512302E0,51.90792216248392E0)
INSERT INTO PANDEN_MET_VERBLIJFSOBJECTEN_CE VALUES(69,2.81100000000352E14,'http://bag.basisregistraties.overheid.nl/bag/id/pand/0281100000000352',2008,'Pand in gebruik','industriefunctie',5246,5246,1,'pand.fbaec415-f7bc-472d-b1f5-f984d9e1e747',5.461756968117534E0,51.9082049276934E0)
INSERT INTO PANDEN_MET_VERBLIJFSOBJECTEN_CE VALUES(70,2.81100000000353E14,'http://bag.basisregistraties.overheid.nl/bag/id/pand/0281100000000353',2004,'Pand in gebruik','bijeenkomstfunctie',1637,1637,1,'pand.2fb9d4c1-eb37-423c-841c-486aae896bf9',5.463410706353898E0,51.91020972310084E0)
INSERT INTO PANDEN_MET_VERBLIJFSOBJECTEN_CE VALUES(71,2.81100000024997E14,'http://bag.basisregistraties.overheid.nl/bag/id/pand/0281100000024997',1878,'Pand in gebruik','kantoorfunctie',991,991,1,'pand.50862c58-4f95-4fe1-921b-5253c059da7e',5.460397142573542E0,51.90971773154271E0)
INSERT INTO PANDEN_MET_VERBLIJFSOBJECTEN_CE VALUES(72,2.81100000066836E14,'http://bag.basisregistraties.overheid.nl/bag/id/pand/0281100000066836',2014,'Pand in gebruik','industriefunctie',920,920,1,'pand.3ed0cbaf-53d6-4ee9-aca4-f1d64b049eb2',5.460023794741216E0,51.91092378777493E0)
INSERT INTO PANDEN_MET_VERBLIJFSOBJECTEN_CE VALUES(73,2.81100000069193E14,'http://bag.basisregistraties.overheid.nl/bag/id/pand/0281100000069193',2022,'Pand in gebruik',NULL,NULL,NULL,0,'pand.a32b0e3b-d9d8-4c20-b382-e75717a0fd6d',5.463596168258566E0,51.90971208049884E0)
INSERT INTO PANDEN_MET_VERBLIJFSOBJECTEN_CE VALUES(74,2.81100000069194E14,'http://bag.basisregistraties.overheid.nl/bag/id/pand/0281100000069194',2022,'Pand in gebruik',NULL,NULL,NULL,0,'pand.6aaa54a6-a463-4206-8870-af0972b082ee',5.463157051831644E0,51.90973855752653E0)
INSERT INTO PANDEN_MET_VERBLIJFSOBJECTEN_CE VALUES(75,2.81100000067365E14,'http://bag.basisregistraties.overheid.nl/bag/id/pand/0281100000067365',2016,'Pand in gebruik','industriefunctie',3475,3475,1,'pand.3e2349e1-a6d6-4133-a524-27e9c679fe5a',5.464765497543208E0,51.9075269309963E0)
INSERT INTO PANDEN_MET_VERBLIJFSOBJECTEN_CE VALUES(76,2.81100000065804E14,'http://bag.basisregistraties.overheid.nl/bag/id/pand/0281100000065804',2014,'Pand in gebruik','industriefunctie,kantoorfunctie',16710,16710,1,'pand.5009ed10-5ba1-43c0-92e5-966ac77aa43f',5.463000565058362E0,51.90774094680489E0)
INSERT INTO PANDEN_MET_VERBLIJFSOBJECTEN_CE VALUES(77,2.81100000068078E14,'http://bag.basisregistraties.overheid.nl/bag/id/pand/0281100000068078',2019,'Pand in gebruik','industriefunctie',5180,5180,1,'pand.929597d1-ec5f-4db2-8682-d420d75e86af',5.464909260605016E0,51.90810527664454E0)
INSERT INTO PANDEN_MET_VERBLIJFSOBJECTEN_CE VALUES(78,2.81100000068102E14,'http://bag.basisregistraties.overheid.nl/bag/id/pand/0281100000068102',2018,'Pand in gebruik','kantoorfunctie',496,496,1,'pand.5515d23b-cd31-4b6b-8824-47cdf7076f2d',5.45912339662469E0,51.90958158304289E0)
INSERT INTO PANDEN_MET_VERBLIJFSOBJECTEN_CE VALUES(79,2.81100000067019E14,'http://bag.basisregistraties.overheid.nl/bag/id/pand/0281100000067019',2015,'Pand in gebruik','industriefunctie,kantoorfunctie',72388,72388,1,'pand.b7eef2ed-0e7f-480e-a1fc-6a1bedab2616',5.469649096811796E0,51.90982587244531E0)
INSERT INTO PANDEN_MET_VERBLIJFSOBJECTEN_CE VALUES(80,2.81100000066544E14,'http://bag.basisregistraties.overheid.nl/bag/id/pand/0281100000066544',2012,'Pand in gebruik','industriefunctie,kantoorfunctie',7169,7169,1,'pand.9de1abcd-6403-4c04-bc36-5ab1ae37f32e',5.459161037987738E0,51.90787718590116E0)
INSERT INTO PANDEN_MET_VERBLIJFSOBJECTEN_CE VALUES(81,2.81100000068211E14,'http://bag.basisregistraties.overheid.nl/bag/id/pand/0281100000068211',2020,'Pand in gebruik','industriefunctie',1506,1506,1,'pand.80a8a714-023e-472f-92bc-c815d942faa5',5.463927336127968E0,51.90886702797986E0)
INSERT INTO PANDEN_MET_VERBLIJFSOBJECTEN_CE VALUES(82,2.81100000066607E14,'http://bag.basisregistraties.overheid.nl/bag/id/pand/0281100000066607',2011,'Pand in gebruik',NULL,NULL,NULL,0,'pand.49053816-1fc4-4140-9ac3-6e047ba13105',5.460040676615066E0,51.90715889179006E0)
INSERT INTO PANDEN_MET_VERBLIJFSOBJECTEN_CE VALUES(83,2.81100000066685E14,'http://bag.basisregistraties.overheid.nl/bag/id/pand/0281100000066685',2013,'Pand in gebruik','industriefunctie,kantoorfunctie',5446,5446,1,'pand.f0c4ef9e-9393-4206-8cb7-427a02fccc2b',5.459641095141022E0,51.90607395986747E0)
COMMIT
DISCONNECT
/*C2*/CREATE TABLE laagspanningsverdeelkasten_mede ( al_id INT IDENTITY , fid INTEGER NULL , xcoord DOUBLE NULL , ycoord DOUBLE NULL ) 
INSERT INTO AL_TABLES VALUES('laagspanningsverdeelkasten_mede',NULL,'')
COMMIT
/*C5*/SET SCHEMA PUBLIC
INSERT INTO LAAGSPANNINGSVERDEELKASTEN_MEDE VALUES(0,1,5.459735704809108E0,51.91313739987274E0)
COMMIT
DISCONNECT
/*C2*/CREATE TABLE onderstations_medel ( al_id INT IDENTITY , fid INTEGER NULL , xcoord DOUBLE NULL , ycoord DOUBLE NULL ) 
INSERT INTO AL_TABLES VALUES('onderstations_medel',NULL,'')
COMMIT
/*C6*/SET SCHEMA PUBLIC
INSERT INTO ONDERSTATIONS_MEDEL VALUES(0,0,5.455596027607506E0,51.90885225246462E0)
INSERT INTO ONDERSTATIONS_MEDEL VALUES(1,1,5.44399188150446E0,51.89813703265113E0)
INSERT INTO ONDERSTATIONS_MEDEL VALUES(2,2,5.443986486206854E0,51.89799538899115E0)
COMMIT
DISCONNECT
/*C7*/SET SCHEMA PUBLIC
DISCONNECT
/*C2*/DISCONNECT
